{"C:\\Users\\MSI\\Desktop\\Primer Parcial Herramienta CASE\\Proyecto\\servidor\\src\\ai\\ai-assistant.service.ts": {"path":"C:\\Users\\MSI\\Desktop\\Primer Parcial Herramienta CASE\\Proyecto\\servidor\\src\\ai\\ai-assistant.service.ts","statementMap":{"0":{"start":{"line":1,"column":0},"end":{"line":1,"column":65}},"1":{"start":{"line":3,"column":0},"end":{"line":3,"column":63}},"2":{"start":{"line":5,"column":0},"end":{"line":5,"column":74}},"3":{"start":{"line":6,"column":0},"end":{"line":6,"column":49}},"4":{"start":{"line":7,"column":0},"end":{"line":7,"column":48}},"5":{"start":{"line":10,"column":7},"end":{"line":61,"column":null}},"6":{"start":{"line":12,"column":21},"end":{"line":12,"column":36}},"7":{"start":{"line":13,"column":21},"end":{"line":13,"column":48}},"8":{"start":{"line":14,"column":21},"end":{"line":14,"column":40}},"9":{"start":{"line":15,"column":21},"end":{"line":15,"column":33}},"10":{"start":{"line":23,"column":4},"end":{"line":25,"column":5}},"11":{"start":{"line":24,"column":6},"end":{"line":24,"column":75}},"12":{"start":{"line":26,"column":20},"end":{"line":26,"column":78}},"13":{"start":{"line":27,"column":22},"end":{"line":28,"column":null}},"14":{"start":{"line":30,"column":20},"end":{"line":33,"column":null}},"15":{"start":{"line":35,"column":4},"end":{"line":35,"column":61}},"16":{"start":{"line":36,"column":4},"end":{"line":36,"column":19}},"17":{"start":{"line":44,"column":19},"end":{"line":44,"column":72}},"18":{"start":{"line":45,"column":4},"end":{"line":45,"column":62}},"19":{"start":{"line":49,"column":4},"end":{"line":51,"column":5}},"20":{"start":{"line":50,"column":6},"end":{"line":50,"column":75}},"21":{"start":{"line":52,"column":22},"end":{"line":52,"column":56}},"22":{"start":{"line":53,"column":4},"end":{"line":58,"column":5}},"23":{"start":{"line":57,"column":6},"end":{"line":57,"column":79}},"24":{"start":{"line":59,"column":4},"end":{"line":59,"column":41}},"25":{"start":{"line":10,"column":13},"end":{"line":10,"column":31}},"26":{"start":{"line":10,"column":13},"end":{"line":61,"column":null}}},"fnMap":{"0":{"name":"(anonymous_2)","decl":{"start":{"line":11,"column":2},"end":{"line":11,"column":null}},"loc":{"start":{"line":15,"column":43},"end":{"line":16,"column":6}}},"1":{"name":"(anonymous_3)","decl":{"start":{"line":18,"column":2},"end":{"line":18,"column":7}},"loc":{"start":{"line":21,"column":18},"end":{"line":37,"column":3}}},"2":{"name":"(anonymous_4)","decl":{"start":{"line":39,"column":2},"end":{"line":39,"column":7}},"loc":{"start":{"line":42,"column":64},"end":{"line":46,"column":3}}},"3":{"name":"(anonymous_5)","decl":{"start":{"line":48,"column":2},"end":{"line":48,"column":19}},"loc":{"start":{"line":48,"column":34},"end":{"line":60,"column":3}}}},"branchMap":{"0":{"loc":{"start":{"line":23,"column":4},"end":{"line":25,"column":5}},"type":"if","locations":[{"start":{"line":23,"column":4},"end":{"line":25,"column":5}},{"start":{},"end":{}}]},"1":{"loc":{"start":{"line":23,"column":8},"end":{"line":23,"column":63}},"type":"binary-expr","locations":[{"start":{"line":23,"column":8},"end":{"line":23,"column":34}},{"start":{"line":23,"column":38},"end":{"line":23,"column":63}}]},"2":{"loc":{"start":{"line":49,"column":4},"end":{"line":51,"column":5}},"type":"if","locations":[{"start":{"line":49,"column":4},"end":{"line":51,"column":5}},{"start":{},"end":{}}]},"3":{"loc":{"start":{"line":49,"column":8},"end":{"line":49,"column":43}},"type":"binary-expr","locations":[{"start":{"line":49,"column":8},"end":{"line":49,"column":14}},{"start":{"line":49,"column":18},"end":{"line":49,"column":43}}]},"4":{"loc":{"start":{"line":53,"column":4},"end":{"line":58,"column":5}},"type":"if","locations":[{"start":{"line":53,"column":4},"end":{"line":58,"column":5}},{"start":{},"end":{}}]},"5":{"loc":{"start":{"line":54,"column":6},"end":{"line":55,"column":41}},"type":"binary-expr","locations":[{"start":{"line":54,"column":6},"end":{"line":54,"column":39}},{"start":{"line":55,"column":6},"end":{"line":55,"column":41}}]},"6":{"loc":{"start":{"line":12,"column":36},"end":{"line":12,"column":null}},"type":"cond-expr","locations":[{"start":{"line":12,"column":49},"end":{"line":12,"column":null}},{"start":{"line":12,"column":49},"end":{"line":12,"column":null}}]},"7":{"loc":{"start":{"line":12,"column":36},"end":{"line":12,"column":49}},"type":"binary-expr","locations":[{"start":{"line":12,"column":36},"end":{"line":12,"column":null}},{"start":{"line":12,"column":36},"end":{"line":12,"column":49}}]},"8":{"loc":{"start":{"line":12,"column":49},"end":{"line":13,"column":null}},"type":"cond-expr","locations":[{"start":{"line":13,"column":73},"end":{"line":13,"column":null}},{"start":{"line":13,"column":73},"end":{"line":13,"column":null}}]},"9":{"loc":{"start":{"line":12,"column":49},"end":{"line":13,"column":73}},"type":"binary-expr","locations":[{"start":{"line":12,"column":49},"end":{"line":13,"column":null}},{"start":{"line":13,"column":48},"end":{"line":13,"column":73}}]},"10":{"loc":{"start":{"line":13,"column":73},"end":{"line":14,"column":null}},"type":"cond-expr","locations":[{"start":{"line":14,"column":57},"end":{"line":14,"column":null}},{"start":{"line":14,"column":57},"end":{"line":14,"column":null}}]},"11":{"loc":{"start":{"line":13,"column":73},"end":{"line":14,"column":57}},"type":"binary-expr","locations":[{"start":{"line":13,"column":73},"end":{"line":14,"column":null}},{"start":{"line":14,"column":40},"end":{"line":14,"column":57}}]},"12":{"loc":{"start":{"line":14,"column":57},"end":{"line":15,"column":null}},"type":"cond-expr","locations":[{"start":{"line":15,"column":43},"end":{"line":15,"column":null}},{"start":{"line":15,"column":43},"end":{"line":15,"column":null}}]},"13":{"loc":{"start":{"line":14,"column":57},"end":{"line":15,"column":43}},"type":"binary-expr","locations":[{"start":{"line":14,"column":57},"end":{"line":15,"column":null}},{"start":{"line":15,"column":33},"end":{"line":15,"column":43}}]}},"s":{"0":1,"1":1,"2":1,"3":1,"4":1,"5":1,"6":3,"7":3,"8":3,"9":3,"10":3,"11":1,"12":2,"13":2,"14":2,"15":2,"16":2,"17":1,"18":1,"19":2,"20":0,"21":2,"22":2,"23":0,"24":2,"25":1,"26":1},"f":{"0":3,"1":3,"2":1,"3":2},"b":{"0":[1,2],"1":[3,3],"2":[0,2],"3":[2,2],"4":[0,2],"5":[2,2],"6":[1,0],"7":[1,1],"8":[1,0],"9":[1,1],"10":[1,0],"11":[1,1],"12":[1,0],"13":[1,1]}}
,"C:\\Users\\MSI\\Desktop\\Primer Parcial Herramienta CASE\\Proyecto\\servidor\\src\\ai\\ai.controller.ts": {"path":"C:\\Users\\MSI\\Desktop\\Primer Parcial Herramienta CASE\\Proyecto\\servidor\\src\\ai\\ai.controller.ts","statementMap":{"0":{"start":{"line":1,"column":0},"end":{"line":1,"column":null}},"1":{"start":{"line":12,"column":0},"end":{"line":12,"column":59}},"2":{"start":{"line":15,"column":0},"end":{"line":15,"column":61}},"3":{"start":{"line":16,"column":0},"end":{"line":16,"column":60}},"4":{"start":{"line":17,"column":0},"end":{"line":17,"column":49}},"5":{"start":{"line":22,"column":7},"end":{"line":57,"column":null}},"6":{"start":{"line":24,"column":21},"end":{"line":24,"column":41}},"7":{"start":{"line":25,"column":21},"end":{"line":25,"column":36}},"8":{"start":{"line":35,"column":4},"end":{"line":39,"column":6}},"9":{"start":{"line":51,"column":4},"end":{"line":55,"column":6}},"10":{"start":{"line":22,"column":13},"end":{"line":22,"column":25}},"11":{"start":{"line":30,"column":2},"end":{"line":40,"column":null}},"12":{"start":{"line":45,"column":2},"end":{"line":56,"column":null}},"13":{"start":{"line":22,"column":13},"end":{"line":57,"column":null}},"14":{"start":{"line":60,"column":7},"end":{"line":68,"column":null}},"15":{"start":{"line":61,"column":31},"end":{"line":61,"column":46}},"16":{"start":{"line":66,"column":4},"end":{"line":66,"column":42}},"17":{"start":{"line":60,"column":13},"end":{"line":60,"column":31}},"18":{"start":{"line":65,"column":2},"end":{"line":67,"column":null}},"19":{"start":{"line":60,"column":13},"end":{"line":68,"column":null}}},"fnMap":{"0":{"name":"(anonymous_4)","decl":{"start":{"line":23,"column":2},"end":{"line":23,"column":null}},"loc":{"start":{"line":25,"column":49},"end":{"line":26,"column":6}}},"1":{"name":"(anonymous_5)","decl":{"start":{"line":30,"column":2},"end":{"line":30,"column":20}},"loc":{"start":{"line":33,"column":37},"end":{"line":40,"column":3}}},"2":{"name":"(anonymous_6)","decl":{"start":{"line":45,"column":2},"end":{"line":45,"column":19}},"loc":{"start":{"line":49,"column":64},"end":{"line":56,"column":3}}},"3":{"name":"(anonymous_7)","decl":{"start":{"line":61,"column":2},"end":{"line":61,"column":31}},"loc":{"start":{"line":61,"column":59},"end":{"line":61,"column":63}}},"4":{"name":"(anonymous_8)","decl":{"start":{"line":65,"column":2},"end":{"line":65,"column":11}},"loc":{"start":{"line":65,"column":11},"end":{"line":67,"column":3}}}},"branchMap":{"0":{"loc":{"start":{"line":38,"column":6},"end":{"line":38,"column":23}},"type":"binary-expr","locations":[{"start":{"line":38,"column":6},"end":{"line":38,"column":17}},{"start":{"line":38,"column":21},"end":{"line":38,"column":23}}]},"1":{"loc":{"start":{"line":31,"column":20},"end":{"line":31,"column":null}},"type":"cond-expr","locations":[{"start":{"line":31,"column":40},"end":{"line":31,"column":null}},{"start":{"line":31,"column":40},"end":{"line":31,"column":null}}]},"2":{"loc":{"start":{"line":31,"column":20},"end":{"line":31,"column":40}},"type":"binary-expr","locations":[{"start":{"line":31,"column":20},"end":{"line":31,"column":null}},{"start":{"line":31,"column":20},"end":{"line":31,"column":40}}]},"3":{"loc":{"start":{"line":46,"column":20},"end":{"line":46,"column":null}},"type":"cond-expr","locations":[{"start":{"line":46,"column":40},"end":{"line":46,"column":null}},{"start":{"line":46,"column":40},"end":{"line":46,"column":null}}]},"4":{"loc":{"start":{"line":46,"column":20},"end":{"line":46,"column":40}},"type":"binary-expr","locations":[{"start":{"line":46,"column":20},"end":{"line":46,"column":null}},{"start":{"line":46,"column":20},"end":{"line":46,"column":40}}]},"5":{"loc":{"start":{"line":24,"column":41},"end":{"line":24,"column":null}},"type":"cond-expr","locations":[{"start":{"line":24,"column":59},"end":{"line":24,"column":null}},{"start":{"line":24,"column":59},"end":{"line":24,"column":null}}]},"6":{"loc":{"start":{"line":24,"column":41},"end":{"line":24,"column":59}},"type":"binary-expr","locations":[{"start":{"line":24,"column":41},"end":{"line":24,"column":null}},{"start":{"line":24,"column":41},"end":{"line":24,"column":59}}]},"7":{"loc":{"start":{"line":24,"column":59},"end":{"line":25,"column":null}},"type":"cond-expr","locations":[{"start":{"line":25,"column":49},"end":{"line":25,"column":null}},{"start":{"line":25,"column":49},"end":{"line":25,"column":null}}]},"8":{"loc":{"start":{"line":24,"column":59},"end":{"line":25,"column":49}},"type":"binary-expr","locations":[{"start":{"line":24,"column":59},"end":{"line":25,"column":null}},{"start":{"line":25,"column":36},"end":{"line":25,"column":49}}]},"9":{"loc":{"start":{"line":61,"column":46},"end":{"line":61,"column":62}},"type":"cond-expr","locations":[{"start":{"line":61,"column":59},"end":{"line":61,"column":62}},{"start":{"line":61,"column":59},"end":{"line":61,"column":62}}]},"10":{"loc":{"start":{"line":61,"column":46},"end":{"line":61,"column":59}},"type":"binary-expr","locations":[{"start":{"line":61,"column":46},"end":{"line":61,"column":62}},{"start":{"line":61,"column":46},"end":{"line":61,"column":59}}]}},"s":{"0":0,"1":0,"2":0,"3":0,"4":0,"5":0,"6":0,"7":0,"8":0,"9":0,"10":0,"11":0,"12":0,"13":0,"14":0,"15":0,"16":0,"17":0,"18":0,"19":0},"f":{"0":0,"1":0,"2":0,"3":0,"4":0},"b":{"0":[0,0],"1":[0,0],"2":[0,0],"3":[0,0],"4":[0,0],"5":[0,0],"6":[0,0],"7":[0,0],"8":[0,0],"9":[0,0],"10":[0,0]}}
,"C:\\Users\\MSI\\Desktop\\Primer Parcial Herramienta CASE\\Proyecto\\servidor\\src\\ai\\audio-transcription.service.ts": {"path":"C:\\Users\\MSI\\Desktop\\Primer Parcial Herramienta CASE\\Proyecto\\servidor\\src\\ai\\audio-transcription.service.ts","statementMap":{"0":{"start":{"line":1,"column":0},"end":{"line":1,"column":null}},"1":{"start":{"line":15,"column":7},"end":{"line":63,"column":null}},"2":{"start":{"line":17,"column":4},"end":{"line":19,"column":5}},"3":{"start":{"line":18,"column":6},"end":{"line":18,"column":74}},"4":{"start":{"line":20,"column":4},"end":{"line":24,"column":5}},"5":{"start":{"line":21,"column":6},"end":{"line":23,"column":8}},"6":{"start":{"line":25,"column":4},"end":{"line":29,"column":5}},"7":{"start":{"line":26,"column":6},"end":{"line":28,"column":8}},"8":{"start":{"line":30,"column":23},"end":{"line":30,"column":46}},"9":{"start":{"line":31,"column":4},"end":{"line":33,"column":5}},"10":{"start":{"line":32,"column":6},"end":{"line":32,"column":71}},"11":{"start":{"line":34,"column":17},"end":{"line":34,"column":31}},"12":{"start":{"line":35,"column":18},"end":{"line":35,"column":52}},"13":{"start":{"line":36,"column":4},"end":{"line":36,"column":27}},"14":{"start":{"line":37,"column":4},"end":{"line":41,"column":6}},"15":{"start":{"line":42,"column":21},"end":{"line":45,"column":24}},"16":{"start":{"line":45,"column":19},"end":{"line":45,"column":23}},"17":{"start":{"line":46,"column":4},"end":{"line":50,"column":5}},"18":{"start":{"line":47,"column":6},"end":{"line":49,"column":8}},"19":{"start":{"line":51,"column":18},"end":{"line":51,"column":39}},"20":{"start":{"line":55,"column":17},"end":{"line":55,"column":48}},"21":{"start":{"line":56,"column":4},"end":{"line":60,"column":5}},"22":{"start":{"line":57,"column":6},"end":{"line":59,"column":8}},"23":{"start":{"line":61,"column":4},"end":{"line":61,"column":23}},"24":{"start":{"line":15,"column":13},"end":{"line":15,"column":38}},"25":{"start":{"line":15,"column":13},"end":{"line":63,"column":null}}},"fnMap":{"0":{"name":"(anonymous_1)","decl":{"start":{"line":16,"column":2},"end":{"line":16,"column":7}},"loc":{"start":{"line":16,"column":46},"end":{"line":62,"column":3}}},"1":{"name":"(anonymous_2)","decl":{"start":{"line":45,"column":13},"end":{"line":45,"column":16}},"loc":{"start":{"line":45,"column":19},"end":{"line":45,"column":23}}}},"branchMap":{"0":{"loc":{"start":{"line":17,"column":4},"end":{"line":19,"column":5}},"type":"if","locations":[{"start":{"line":17,"column":4},"end":{"line":19,"column":5}},{"start":{},"end":{}}]},"1":{"loc":{"start":{"line":20,"column":4},"end":{"line":24,"column":5}},"type":"if","locations":[{"start":{"line":20,"column":4},"end":{"line":24,"column":5}},{"start":{},"end":{}}]},"2":{"loc":{"start":{"line":25,"column":4},"end":{"line":29,"column":5}},"type":"if","locations":[{"start":{"line":25,"column":4},"end":{"line":29,"column":5}},{"start":{},"end":{}}]},"3":{"loc":{"start":{"line":31,"column":4},"end":{"line":33,"column":5}},"type":"if","locations":[{"start":{"line":31,"column":4},"end":{"line":33,"column":5}},{"start":{},"end":{}}]},"4":{"loc":{"start":{"line":46,"column":4},"end":{"line":50,"column":5}},"type":"if","locations":[{"start":{"line":46,"column":4},"end":{"line":50,"column":5}},{"start":{},"end":{}}]},"5":{"loc":{"start":{"line":55,"column":17},"end":{"line":55,"column":48}},"type":"binary-expr","locations":[{"start":{"line":55,"column":17},"end":{"line":55,"column":26}},{"start":{"line":55,"column":30},"end":{"line":55,"column":48}}]},"6":{"loc":{"start":{"line":56,"column":4},"end":{"line":60,"column":5}},"type":"if","locations":[{"start":{"line":56,"column":4},"end":{"line":60,"column":5}},{"start":{},"end":{}}]}},"s":{"0":1,"1":1,"2":0,"3":0,"4":0,"5":0,"6":0,"7":0,"8":0,"9":0,"10":0,"11":0,"12":0,"13":0,"14":0,"15":0,"16":0,"17":0,"18":0,"19":0,"20":0,"21":0,"22":0,"23":0,"24":1,"25":1},"f":{"0":0,"1":0},"b":{"0":[0,0],"1":[0,0],"2":[0,0],"3":[0,0],"4":[0,0],"5":[0,0],"6":[0,0]}}
,"C:\\Users\\MSI\\Desktop\\Primer Parcial Herramienta CASE\\Proyecto\\servidor\\src\\ai\\ollama.service.ts": {"path":"C:\\Users\\MSI\\Desktop\\Primer Parcial Herramienta CASE\\Proyecto\\servidor\\src\\ai\\ollama.service.ts","statementMap":{"0":{"start":{"line":1,"column":0},"end":{"line":1,"column":65}},"1":{"start":{"line":13,"column":7},"end":{"line":219,"column":null}},"2":{"start":{"line":14,"column":29},"end":{"line":15,"column":75}},"3":{"start":{"line":15,"column":4},"end":{"line":15,"column":75}},"4":{"start":{"line":17,"column":27},"end":{"line":17,"column":71}},"5":{"start":{"line":17,"column":33},"end":{"line":17,"column":71}},"6":{"start":{"line":25,"column":18},"end":{"line":25,"column":30}},"7":{"start":{"line":26,"column":21},"end":{"line":27,"column":null}},"8":{"start":{"line":27,"column":12},"end":{"line":27,"column":16}},"9":{"start":{"line":29,"column":4},"end":{"line":36,"column":5}},"10":{"start":{"line":30,"column":6},"end":{"line":35,"column":8}},"11":{"start":{"line":37,"column":18},"end":{"line":37,"column":39}},"12":{"start":{"line":40,"column":22},"end":{"line":41,"column":null}},"13":{"start":{"line":41,"column":16},"end":{"line":41,"column":59}},"14":{"start":{"line":43,"column":4},"end":{"line":50,"column":6}},"15":{"start":{"line":57,"column":18},"end":{"line":57,"column":30}},"16":{"start":{"line":58,"column":21},"end":{"line":78,"column":24}},"17":{"start":{"line":78,"column":19},"end":{"line":78,"column":23}},"18":{"start":{"line":80,"column":4},"end":{"line":86,"column":5}},"19":{"start":{"line":81,"column":6},"end":{"line":85,"column":8}},"20":{"start":{"line":87,"column":18},"end":{"line":87,"column":39}},"21":{"start":{"line":88,"column":20},"end":{"line":88,"column":41}},"22":{"start":{"line":89,"column":4},"end":{"line":93,"column":5}},"23":{"start":{"line":90,"column":6},"end":{"line":92,"column":8}},"24":{"start":{"line":94,"column":4},"end":{"line":100,"column":5}},"25":{"start":{"line":95,"column":6},"end":{"line":95,"column":56}},"26":{"start":{"line":97,"column":6},"end":{"line":99,"column":8}},"27":{"start":{"line":104,"column":4},"end":{"line":108,"column":5}},"28":{"start":{"line":105,"column":6},"end":{"line":107,"column":8}},"29":{"start":{"line":109,"column":16},"end":{"line":109,"column":null}},"30":{"start":{"line":113,"column":4},"end":{"line":115,"column":5}},"31":{"start":{"line":114,"column":6},"end":{"line":114,"column":79}},"32":{"start":{"line":116,"column":20},"end":{"line":116,"column":72}},"33":{"start":{"line":116,"column":46},"end":{"line":116,"column":71}},"34":{"start":{"line":117,"column":22},"end":{"line":117,"column":79}},"35":{"start":{"line":117,"column":50},"end":{"line":117,"column":78}},"36":{"start":{"line":118,"column":4},"end":{"line":118,"column":34}},"37":{"start":{"line":122,"column":4},"end":{"line":124,"column":5}},"38":{"start":{"line":123,"column":6},"end":{"line":123,"column":73}},"39":{"start":{"line":125,"column":16},"end":{"line":125,"column":48}},"40":{"start":{"line":126,"column":4},"end":{"line":128,"column":5}},"41":{"start":{"line":127,"column":6},"end":{"line":127,"column":75}},"42":{"start":{"line":129,"column":44},"end":{"line":150,"column":10}},"43":{"start":{"line":131,"column":10},"end":{"line":135,"column":11}},"44":{"start":{"line":132,"column":12},"end":{"line":134,"column":14}},"45":{"start":{"line":136,"column":23},"end":{"line":136,"column":59}},"46":{"start":{"line":137,"column":10},"end":{"line":141,"column":11}},"47":{"start":{"line":138,"column":12},"end":{"line":140,"column":14}},"48":{"start":{"line":143,"column":12},"end":{"line":147,"column":25}},"49":{"start":{"line":148,"column":10},"end":{"line":148,"column":66}},"50":{"start":{"line":151,"column":38},"end":{"line":181,"column":10}},"51":{"start":{"line":153,"column":10},"end":{"line":155,"column":11}},"52":{"start":{"line":154,"column":12},"end":{"line":154,"column":79}},"53":{"start":{"line":156,"column":23},"end":{"line":156,"column":56}},"54":{"start":{"line":157,"column":10},"end":{"line":161,"column":11}},"55":{"start":{"line":158,"column":12},"end":{"line":160,"column":14}},"56":{"start":{"line":163,"column":12},"end":{"line":167,"column":24}},"57":{"start":{"line":168,"column":29},"end":{"line":172,"column":18}},"58":{"start":{"line":174,"column":12},"end":{"line":178,"column":24}},"59":{"start":{"line":179,"column":10},"end":{"line":179,"column":73}},"60":{"start":{"line":182,"column":4},"end":{"line":188,"column":6}},"61":{"start":{"line":192,"column":4},"end":{"line":194,"column":5}},"62":{"start":{"line":193,"column":6},"end":{"line":193,"column":76}},"63":{"start":{"line":195,"column":17},"end":{"line":195,"column":49}},"64":{"start":{"line":196,"column":4},"end":{"line":198,"column":5}},"65":{"start":{"line":197,"column":6},"end":{"line":197,"column":78}},"66":{"start":{"line":199,"column":17},"end":{"line":201,"column":48}},"67":{"start":{"line":202,"column":38},"end":{"line":206,"column":6}},"68":{"start":{"line":207,"column":4},"end":{"line":207,"column":78}},"69":{"start":{"line":207,"column":44},"end":{"line":207,"column":78}},"70":{"start":{"line":208,"column":4},"end":{"line":209,"column":40}},"71":{"start":{"line":209,"column":6},"end":{"line":209,"column":40}},"72":{"start":{"line":210,"column":4},"end":{"line":210,"column":78}},"73":{"start":{"line":210,"column":44},"end":{"line":210,"column":78}},"74":{"start":{"line":211,"column":4},"end":{"line":212,"column":40}},"75":{"start":{"line":212,"column":6},"end":{"line":212,"column":40}},"76":{"start":{"line":213,"column":4},"end":{"line":214,"column":42}},"77":{"start":{"line":214,"column":6},"end":{"line":214,"column":42}},"78":{"start":{"line":215,"column":4},"end":{"line":216,"column":42}},"79":{"start":{"line":216,"column":6},"end":{"line":216,"column":42}},"80":{"start":{"line":217,"column":4},"end":{"line":217,"column":18}},"81":{"start":{"line":13,"column":13},"end":{"line":13,"column":26}},"82":{"start":{"line":13,"column":13},"end":{"line":219,"column":null}}},"fnMap":{"0":{"name":"(anonymous_1)","decl":{"start":{"line":14,"column":29},"end":{"line":14,"column":32}},"loc":{"start":{"line":15,"column":4},"end":{"line":15,"column":75}}},"1":{"name":"(anonymous_2)","decl":{"start":{"line":17,"column":27},"end":{"line":17,"column":30}},"loc":{"start":{"line":17,"column":33},"end":{"line":17,"column":71}}},"2":{"name":"(anonymous_3)","decl":{"start":{"line":19,"column":2},"end":{"line":19,"column":7}},"loc":{"start":{"line":19,"column":17},"end":{"line":51,"column":3}}},"3":{"name":"(anonymous_4)","decl":{"start":{"line":27,"column":6},"end":{"line":27,"column":9}},"loc":{"start":{"line":27,"column":12},"end":{"line":27,"column":16}}},"4":{"name":"(anonymous_5)","decl":{"start":{"line":41,"column":6},"end":{"line":41,"column":7}},"loc":{"start":{"line":41,"column":16},"end":{"line":41,"column":59}}},"5":{"name":"(anonymous_6)","decl":{"start":{"line":53,"column":2},"end":{"line":53,"column":7}},"loc":{"start":{"line":55,"column":20},"end":{"line":101,"column":3}}},"6":{"name":"(anonymous_7)","decl":{"start":{"line":78,"column":13},"end":{"line":78,"column":16}},"loc":{"start":{"line":78,"column":19},"end":{"line":78,"column":23}}},"7":{"name":"(anonymous_8)","decl":{"start":{"line":103,"column":10},"end":{"line":103,"column":26}},"loc":{"start":{"line":103,"column":41},"end":{"line":119,"column":3}}},"8":{"name":"(anonymous_9)","decl":{"start":{"line":116,"column":36},"end":{"line":116,"column":37}},"loc":{"start":{"line":116,"column":46},"end":{"line":116,"column":71}}},"9":{"name":"(anonymous_10)","decl":{"start":{"line":117,"column":40},"end":{"line":117,"column":41}},"loc":{"start":{"line":117,"column":50},"end":{"line":117,"column":78}}},"10":{"name":"(anonymous_11)","decl":{"start":{"line":121,"column":10},"end":{"line":121,"column":24}},"loc":{"start":{"line":121,"column":39},"end":{"line":189,"column":3}}},"11":{"name":"(anonymous_12)","decl":{"start":{"line":130,"column":27},"end":{"line":130,"column":28}},"loc":{"start":{"line":130,"column":41},"end":{"line":149,"column":9}}},"12":{"name":"(anonymous_13)","decl":{"start":{"line":152,"column":24},"end":{"line":152,"column":25}},"loc":{"start":{"line":152,"column":35},"end":{"line":180,"column":9}}},"13":{"name":"(anonymous_14)","decl":{"start":{"line":191,"column":10},"end":{"line":191,"column":27}},"loc":{"start":{"line":191,"column":42},"end":{"line":218,"column":3}}}},"branchMap":{"0":{"loc":{"start":{"line":15,"column":5},"end":{"line":15,"column":55}},"type":"binary-expr","locations":[{"start":{"line":15,"column":5},"end":{"line":15,"column":27}},{"start":{"line":15,"column":31},"end":{"line":15,"column":55}}]},"1":{"loc":{"start":{"line":17,"column":33},"end":{"line":17,"column":71}},"type":"binary-expr","locations":[{"start":{"line":17,"column":33},"end":{"line":17,"column":57}},{"start":{"line":17,"column":61},"end":{"line":17,"column":71}}]},"2":{"loc":{"start":{"line":29,"column":4},"end":{"line":36,"column":5}},"type":"if","locations":[{"start":{"line":29,"column":4},"end":{"line":36,"column":5}},{"start":{},"end":{}}]},"3":{"loc":{"start":{"line":41,"column":16},"end":{"line":41,"column":59}},"type":"binary-expr","locations":[{"start":{"line":41,"column":16},"end":{"line":41,"column":35}},{"start":{"line":41,"column":39},"end":{"line":41,"column":59}}]},"4":{"loc":{"start":{"line":47,"column":15},"end":{"line":49,"column":48}},"type":"cond-expr","locations":[{"start":{"line":48,"column":10},"end":{"line":48,"column":32}},{"start":{"line":49,"column":10},"end":{"line":49,"column":48}}]},"5":{"loc":{"start":{"line":80,"column":4},"end":{"line":86,"column":5}},"type":"if","locations":[{"start":{"line":80,"column":4},"end":{"line":86,"column":5}},{"start":{},"end":{}}]},"6":{"loc":{"start":{"line":82,"column":8},"end":{"line":84,"column":73}},"type":"cond-expr","locations":[{"start":{"line":83,"column":12},"end":{"line":83,"column":60}},{"start":{"line":84,"column":12},"end":{"line":84,"column":73}}]},"7":{"loc":{"start":{"line":89,"column":4},"end":{"line":93,"column":5}},"type":"if","locations":[{"start":{"line":89,"column":4},"end":{"line":93,"column":5}},{"start":{},"end":{}}]},"8":{"loc":{"start":{"line":104,"column":4},"end":{"line":108,"column":5}},"type":"if","locations":[{"start":{"line":104,"column":4},"end":{"line":108,"column":5}},{"start":{},"end":{}}]},"9":{"loc":{"start":{"line":104,"column":8},"end":{"line":104,"column":43}},"type":"binary-expr","locations":[{"start":{"line":104,"column":8},"end":{"line":104,"column":14}},{"start":{"line":104,"column":18},"end":{"line":104,"column":43}}]},"10":{"loc":{"start":{"line":113,"column":4},"end":{"line":115,"column":5}},"type":"if","locations":[{"start":{"line":113,"column":4},"end":{"line":115,"column":5}},{"start":{},"end":{}}]},"11":{"loc":{"start":{"line":113,"column":8},"end":{"line":113,"column":68}},"type":"binary-expr","locations":[{"start":{"line":113,"column":8},"end":{"line":113,"column":35}},{"start":{"line":113,"column":39},"end":{"line":113,"column":68}}]},"12":{"loc":{"start":{"line":122,"column":4},"end":{"line":124,"column":5}},"type":"if","locations":[{"start":{"line":122,"column":4},"end":{"line":124,"column":5}},{"start":{},"end":{}}]},"13":{"loc":{"start":{"line":122,"column":8},"end":{"line":122,"column":43}},"type":"binary-expr","locations":[{"start":{"line":122,"column":8},"end":{"line":122,"column":14}},{"start":{"line":122,"column":18},"end":{"line":122,"column":43}}]},"14":{"loc":{"start":{"line":126,"column":4},"end":{"line":128,"column":5}},"type":"if","locations":[{"start":{"line":126,"column":4},"end":{"line":128,"column":5}},{"start":{},"end":{}}]},"15":{"loc":{"start":{"line":129,"column":44},"end":{"line":150,"column":10}},"type":"cond-expr","locations":[{"start":{"line":130,"column":8},"end":{"line":149,"column":10}},{"start":{"line":150,"column":8},"end":{"line":150,"column":10}}]},"16":{"loc":{"start":{"line":131,"column":10},"end":{"line":135,"column":11}},"type":"if","locations":[{"start":{"line":131,"column":10},"end":{"line":135,"column":11}},{"start":{},"end":{}}]},"17":{"loc":{"start":{"line":131,"column":14},"end":{"line":131,"column":57}},"type":"binary-expr","locations":[{"start":{"line":131,"column":14},"end":{"line":131,"column":24}},{"start":{"line":131,"column":28},"end":{"line":131,"column":57}}]},"18":{"loc":{"start":{"line":137,"column":10},"end":{"line":141,"column":11}},"type":"if","locations":[{"start":{"line":137,"column":10},"end":{"line":141,"column":11}},{"start":{},"end":{}}]},"19":{"loc":{"start":{"line":137,"column":14},"end":{"line":137,"column":76}},"type":"binary-expr","locations":[{"start":{"line":137,"column":14},"end":{"line":137,"column":43}},{"start":{"line":137,"column":47},"end":{"line":137,"column":76}}]},"20":{"loc":{"start":{"line":143,"column":12},"end":{"line":147,"column":25}},"type":"cond-expr","locations":[{"start":{"line":146,"column":16},"end":{"line":146,"column":31}},{"start":{"line":147,"column":16},"end":{"line":147,"column":25}}]},"21":{"loc":{"start":{"line":143,"column":12},"end":{"line":145,"column":43}},"type":"binary-expr","locations":[{"start":{"line":143,"column":12},"end":{"line":143,"column":40}},{"start":{"line":144,"column":12},"end":{"line":144,"column":41}},{"start":{"line":145,"column":12},"end":{"line":145,"column":43}}]},"22":{"loc":{"start":{"line":151,"column":38},"end":{"line":181,"column":10}},"type":"cond-expr","locations":[{"start":{"line":152,"column":8},"end":{"line":180,"column":10}},{"start":{"line":181,"column":8},"end":{"line":181,"column":10}}]},"23":{"loc":{"start":{"line":153,"column":10},"end":{"line":155,"column":11}},"type":"if","locations":[{"start":{"line":153,"column":10},"end":{"line":155,"column":11}},{"start":{},"end":{}}]},"24":{"loc":{"start":{"line":153,"column":14},"end":{"line":153,"column":51}},"type":"binary-expr","locations":[{"start":{"line":153,"column":14},"end":{"line":153,"column":21}},{"start":{"line":153,"column":25},"end":{"line":153,"column":51}}]},"25":{"loc":{"start":{"line":157,"column":10},"end":{"line":161,"column":11}},"type":"if","locations":[{"start":{"line":157,"column":10},"end":{"line":161,"column":11}},{"start":{},"end":{}}]},"26":{"loc":{"start":{"line":163,"column":12},"end":{"line":167,"column":24}},"type":"cond-expr","locations":[{"start":{"line":166,"column":16},"end":{"line":166,"column":31}},{"start":{"line":167,"column":16},"end":{"line":167,"column":24}}]},"27":{"loc":{"start":{"line":163,"column":12},"end":{"line":165,"column":43}},"type":"binary-expr","locations":[{"start":{"line":163,"column":12},"end":{"line":163,"column":40}},{"start":{"line":164,"column":12},"end":{"line":164,"column":41}},{"start":{"line":165,"column":12},"end":{"line":165,"column":43}}]},"28":{"loc":{"start":{"line":168,"column":29},"end":{"line":172,"column":18}},"type":"cond-expr","locations":[{"start":{"line":169,"column":14},"end":{"line":169,"column":40}},{"start":{"line":170,"column":14},"end":{"line":172,"column":18}}]},"29":{"loc":{"start":{"line":170,"column":14},"end":{"line":172,"column":18}},"type":"cond-expr","locations":[{"start":{"line":171,"column":16},"end":{"line":171,"column":31}},{"start":{"line":172,"column":16},"end":{"line":172,"column":18}}]},"30":{"loc":{"start":{"line":174,"column":12},"end":{"line":178,"column":24}},"type":"cond-expr","locations":[{"start":{"line":175,"column":16},"end":{"line":175,"column":31}},{"start":{"line":176,"column":16},"end":{"line":178,"column":24}}]},"31":{"loc":{"start":{"line":176,"column":16},"end":{"line":178,"column":24}},"type":"cond-expr","locations":[{"start":{"line":177,"column":18},"end":{"line":177,"column":29}},{"start":{"line":178,"column":18},"end":{"line":178,"column":24}}]},"32":{"loc":{"start":{"line":186,"column":10},"end":{"line":186,"column":55}},"type":"cond-expr","locations":[{"start":{"line":186,"column":38},"end":{"line":186,"column":50}},{"start":{"line":186,"column":53},"end":{"line":186,"column":55}}]},"33":{"loc":{"start":{"line":187,"column":10},"end":{"line":187,"column":55}},"type":"cond-expr","locations":[{"start":{"line":187,"column":38},"end":{"line":187,"column":50}},{"start":{"line":187,"column":53},"end":{"line":187,"column":55}}]},"34":{"loc":{"start":{"line":192,"column":4},"end":{"line":194,"column":5}},"type":"if","locations":[{"start":{"line":192,"column":4},"end":{"line":194,"column":5}},{"start":{},"end":{}}]},"35":{"loc":{"start":{"line":192,"column":8},"end":{"line":192,"column":43}},"type":"binary-expr","locations":[{"start":{"line":192,"column":8},"end":{"line":192,"column":14}},{"start":{"line":192,"column":18},"end":{"line":192,"column":43}}]},"36":{"loc":{"start":{"line":196,"column":4},"end":{"line":198,"column":5}},"type":"if","locations":[{"start":{"line":196,"column":4},"end":{"line":198,"column":5}},{"start":{},"end":{}}]},"37":{"loc":{"start":{"line":196,"column":8},"end":{"line":196,"column":74}},"type":"binary-expr","locations":[{"start":{"line":196,"column":8},"end":{"line":196,"column":39}},{"start":{"line":196,"column":43},"end":{"line":196,"column":74}}]},"38":{"loc":{"start":{"line":200,"column":6},"end":{"line":200,"column":32}},"type":"binary-expr","locations":[{"start":{"line":200,"column":6},"end":{"line":200,"column":15}},{"start":{"line":200,"column":19},"end":{"line":200,"column":32}}]},"39":{"loc":{"start":{"line":207,"column":4},"end":{"line":207,"column":78}},"type":"if","locations":[{"start":{"line":207,"column":4},"end":{"line":207,"column":78}},{"start":{},"end":{}}]},"40":{"loc":{"start":{"line":208,"column":4},"end":{"line":209,"column":40}},"type":"if","locations":[{"start":{"line":208,"column":4},"end":{"line":209,"column":40}},{"start":{},"end":{}}]},"41":{"loc":{"start":{"line":208,"column":8},"end":{"line":208,"column":69}},"type":"binary-expr","locations":[{"start":{"line":208,"column":8},"end":{"line":208,"column":31}},{"start":{"line":208,"column":35},"end":{"line":208,"column":69}}]},"42":{"loc":{"start":{"line":210,"column":4},"end":{"line":210,"column":78}},"type":"if","locations":[{"start":{"line":210,"column":4},"end":{"line":210,"column":78}},{"start":{},"end":{}}]},"43":{"loc":{"start":{"line":211,"column":4},"end":{"line":212,"column":40}},"type":"if","locations":[{"start":{"line":211,"column":4},"end":{"line":212,"column":40}},{"start":{},"end":{}}]},"44":{"loc":{"start":{"line":211,"column":8},"end":{"line":211,"column":69}},"type":"binary-expr","locations":[{"start":{"line":211,"column":8},"end":{"line":211,"column":31}},{"start":{"line":211,"column":35},"end":{"line":211,"column":69}}]},"45":{"loc":{"start":{"line":213,"column":4},"end":{"line":214,"column":42}},"type":"if","locations":[{"start":{"line":213,"column":4},"end":{"line":214,"column":42}},{"start":{},"end":{}}]},"46":{"loc":{"start":{"line":215,"column":4},"end":{"line":216,"column":42}},"type":"if","locations":[{"start":{"line":215,"column":4},"end":{"line":216,"column":42}},{"start":{},"end":{}}]}},"s":{"0":2,"1":2,"2":2,"3":2,"4":2,"5":2,"6":2,"7":2,"8":0,"9":2,"10":1,"11":1,"12":1,"13":1,"14":1,"15":0,"16":0,"17":0,"18":0,"19":0,"20":0,"21":0,"22":0,"23":0,"24":0,"25":0,"26":0,"27":0,"28":0,"29":0,"30":0,"31":0,"32":0,"33":0,"34":0,"35":0,"36":0,"37":0,"38":0,"39":0,"40":0,"41":0,"42":0,"43":0,"44":0,"45":0,"46":0,"47":0,"48":0,"49":0,"50":0,"51":0,"52":0,"53":0,"54":0,"55":0,"56":0,"57":0,"58":0,"59":0,"60":0,"61":0,"62":0,"63":0,"64":0,"65":0,"66":0,"67":0,"68":0,"69":0,"70":0,"71":0,"72":0,"73":0,"74":0,"75":0,"76":0,"77":0,"78":0,"79":0,"80":0,"81":2,"82":2},"f":{"0":2,"1":2,"2":2,"3":0,"4":1,"5":0,"6":0,"7":0,"8":0,"9":0,"10":0,"11":0,"12":0,"13":0},"b":{"0":[2,2],"1":[2,1],"2":[1,1],"3":[1,0],"4":[1,0],"5":[0,0],"6":[0,0],"7":[0,0],"8":[0,0],"9":[0,0],"10":[0,0],"11":[0,0],"12":[0,0],"13":[0,0],"14":[0,0],"15":[0,0],"16":[0,0],"17":[0,0],"18":[0,0],"19":[0,0],"20":[0,0],"21":[0,0,0],"22":[0,0],"23":[0,0],"24":[0,0],"25":[0,0],"26":[0,0],"27":[0,0,0],"28":[0,0],"29":[0,0],"30":[0,0],"31":[0,0],"32":[0,0],"33":[0,0],"34":[0,0],"35":[0,0],"36":[0,0],"37":[0,0],"38":[0,0],"39":[0,0],"40":[0,0],"41":[0,0],"42":[0,0],"43":[0,0],"44":[0,0],"45":[0,0],"46":[0,0]}}
,"C:\\Users\\MSI\\Desktop\\Primer Parcial Herramienta CASE\\Proyecto\\servidor\\src\\auth\\auth.controller.ts": {"path":"C:\\Users\\MSI\\Desktop\\Primer Parcial Herramienta CASE\\Proyecto\\servidor\\src\\auth\\auth.controller.ts","statementMap":{"0":{"start":{"line":1,"column":0},"end":{"line":1,"column":66}},"1":{"start":{"line":3,"column":0},"end":{"line":3,"column":45}},"2":{"start":{"line":5,"column":0},"end":{"line":5,"column":52}},"3":{"start":{"line":6,"column":0},"end":{"line":6,"column":58}},"4":{"start":{"line":9,"column":7},"end":{"line":23,"column":null}},"5":{"start":{"line":10,"column":31},"end":{"line":10,"column":44}},"6":{"start":{"line":15,"column":4},"end":{"line":15,"column":49}},"7":{"start":{"line":21,"column":4},"end":{"line":21,"column":46}},"8":{"start":{"line":9,"column":13},"end":{"line":9,"column":27}},"9":{"start":{"line":14,"column":2},"end":{"line":16,"column":null}},"10":{"start":{"line":20,"column":2},"end":{"line":22,"column":null}},"11":{"start":{"line":9,"column":13},"end":{"line":23,"column":null}}},"fnMap":{"0":{"name":"(anonymous_4)","decl":{"start":{"line":10,"column":2},"end":{"line":10,"column":31}},"loc":{"start":{"line":10,"column":55},"end":{"line":10,"column":59}}},"1":{"name":"(anonymous_5)","decl":{"start":{"line":14,"column":2},"end":{"line":14,"column":10}},"loc":{"start":{"line":14,"column":39},"end":{"line":16,"column":3}}},"2":{"name":"(anonymous_6)","decl":{"start":{"line":20,"column":2},"end":{"line":20,"column":7}},"loc":{"start":{"line":20,"column":33},"end":{"line":22,"column":3}}}},"branchMap":{"0":{"loc":{"start":{"line":14,"column":24},"end":{"line":14,"column":42}},"type":"cond-expr","locations":[{"start":{"line":14,"column":39},"end":{"line":14,"column":42}},{"start":{"line":14,"column":39},"end":{"line":14,"column":42}}]},"1":{"loc":{"start":{"line":14,"column":24},"end":{"line":14,"column":39}},"type":"binary-expr","locations":[{"start":{"line":14,"column":24},"end":{"line":14,"column":42}},{"start":{"line":14,"column":24},"end":{"line":14,"column":39}}]},"2":{"loc":{"start":{"line":14,"column":42},"end":{"line":14,"column":null}},"type":"cond-expr","locations":[{"start":{"line":14,"column":49},"end":{"line":14,"column":null}},{"start":{"line":14,"column":49},"end":{"line":14,"column":null}}]},"3":{"loc":{"start":{"line":14,"column":42},"end":{"line":14,"column":49}},"type":"binary-expr","locations":[{"start":{"line":14,"column":42},"end":{"line":14,"column":null}},{"start":{"line":14,"column":42},"end":{"line":14,"column":49}}]},"4":{"loc":{"start":{"line":20,"column":21},"end":{"line":20,"column":36}},"type":"cond-expr","locations":[{"start":{"line":20,"column":33},"end":{"line":20,"column":36}},{"start":{"line":20,"column":33},"end":{"line":20,"column":36}}]},"5":{"loc":{"start":{"line":20,"column":21},"end":{"line":20,"column":33}},"type":"binary-expr","locations":[{"start":{"line":20,"column":21},"end":{"line":20,"column":36}},{"start":{"line":20,"column":21},"end":{"line":20,"column":33}}]},"6":{"loc":{"start":{"line":20,"column":36},"end":{"line":20,"column":null}},"type":"cond-expr","locations":[{"start":{"line":20,"column":43},"end":{"line":20,"column":null}},{"start":{"line":20,"column":43},"end":{"line":20,"column":null}}]},"7":{"loc":{"start":{"line":20,"column":36},"end":{"line":20,"column":43}},"type":"binary-expr","locations":[{"start":{"line":20,"column":36},"end":{"line":20,"column":null}},{"start":{"line":20,"column":36},"end":{"line":20,"column":43}}]},"8":{"loc":{"start":{"line":10,"column":44},"end":{"line":10,"column":58}},"type":"cond-expr","locations":[{"start":{"line":10,"column":55},"end":{"line":10,"column":58}},{"start":{"line":10,"column":55},"end":{"line":10,"column":58}}]},"9":{"loc":{"start":{"line":10,"column":44},"end":{"line":10,"column":55}},"type":"binary-expr","locations":[{"start":{"line":10,"column":44},"end":{"line":10,"column":58}},{"start":{"line":10,"column":44},"end":{"line":10,"column":55}}]}},"s":{"0":1,"1":1,"2":1,"3":1,"4":1,"5":2,"6":1,"7":1,"8":1,"9":1,"10":1,"11":1},"f":{"0":2,"1":1,"2":1},"b":{"0":[1,0],"1":[1,1],"2":[1,0],"3":[1,1],"4":[1,0],"5":[1,1],"6":[1,0],"7":[1,1],"8":[1,0],"9":[1,1]}}
,"C:\\Users\\MSI\\Desktop\\Primer Parcial Herramienta CASE\\Proyecto\\servidor\\src\\auth\\auth.service.ts": {"path":"C:\\Users\\MSI\\Desktop\\Primer Parcial Herramienta CASE\\Proyecto\\servidor\\src\\auth\\auth.service.ts","statementMap":{"0":{"start":{"line":1,"column":0},"end":{"line":1,"column":null}},"1":{"start":{"line":7,"column":0},"end":{"line":7,"column":41}},"2":{"start":{"line":8,"column":0},"end":{"line":8,"column":35}},"3":{"start":{"line":15,"column":0},"end":{"line":15,"column":null}},"4":{"start":{"line":21,"column":7},"end":{"line":77,"column":null}},"5":{"start":{"line":24,"column":21},"end":{"line":24,"column":53}},"6":{"start":{"line":25,"column":21},"end":{"line":25,"column":33}},"7":{"start":{"line":29,"column":25},"end":{"line":29,"column":74}},"8":{"start":{"line":30,"column":4},"end":{"line":34,"column":5}},"9":{"start":{"line":31,"column":6},"end":{"line":33,"column":8}},"10":{"start":{"line":36,"column":25},"end":{"line":36,"column":60}},"11":{"start":{"line":37,"column":17},"end":{"line":41,"column":6}},"12":{"start":{"line":43,"column":4},"end":{"line":43,"column":37}},"13":{"start":{"line":47,"column":17},"end":{"line":47,"column":66}},"14":{"start":{"line":48,"column":4},"end":{"line":50,"column":5}},"15":{"start":{"line":49,"column":6},"end":{"line":49,"column":74}},"16":{"start":{"line":52,"column":28},"end":{"line":54,"column":null}},"17":{"start":{"line":56,"column":4},"end":{"line":58,"column":5}},"18":{"start":{"line":57,"column":6},"end":{"line":57,"column":74}},"19":{"start":{"line":60,"column":32},"end":{"line":60,"column":67}},"20":{"start":{"line":61,"column":24},"end":{"line":61,"column":64}},"21":{"start":{"line":63,"column":4},"end":{"line":66,"column":6}},"22":{"start":{"line":70,"column":4},"end":{"line":75,"column":6}},"23":{"start":{"line":21,"column":13},"end":{"line":21,"column":24}},"24":{"start":{"line":21,"column":13},"end":{"line":77,"column":null}}},"fnMap":{"0":{"name":"(anonymous_13)","decl":{"start":{"line":22,"column":2},"end":{"line":22,"column":null}},"loc":{"start":{"line":25,"column":43},"end":{"line":26,"column":6}}},"1":{"name":"(anonymous_14)","decl":{"start":{"line":28,"column":2},"end":{"line":28,"column":7}},"loc":{"start":{"line":28,"column":44},"end":{"line":44,"column":3}}},"2":{"name":"(anonymous_15)","decl":{"start":{"line":46,"column":2},"end":{"line":46,"column":7}},"loc":{"start":{"line":46,"column":38},"end":{"line":67,"column":3}}},"3":{"name":"(anonymous_16)","decl":{"start":{"line":69,"column":10},"end":{"line":69,"column":24}},"loc":{"start":{"line":69,"column":35},"end":{"line":76,"column":3}}}},"branchMap":{"0":{"loc":{"start":{"line":30,"column":4},"end":{"line":34,"column":5}},"type":"if","locations":[{"start":{"line":30,"column":4},"end":{"line":34,"column":5}},{"start":{},"end":{}}]},"1":{"loc":{"start":{"line":48,"column":4},"end":{"line":50,"column":5}},"type":"if","locations":[{"start":{"line":48,"column":4},"end":{"line":50,"column":5}},{"start":{},"end":{}}]},"2":{"loc":{"start":{"line":56,"column":4},"end":{"line":58,"column":5}},"type":"if","locations":[{"start":{"line":56,"column":4},"end":{"line":58,"column":5}},{"start":{},"end":{}}]},"3":{"loc":{"start":{"line":25,"column":33},"end":{"line":25,"column":null}},"type":"cond-expr","locations":[{"start":{"line":25,"column":43},"end":{"line":25,"column":null}},{"start":{"line":25,"column":43},"end":{"line":25,"column":null}}]},"4":{"loc":{"start":{"line":25,"column":33},"end":{"line":25,"column":43}},"type":"binary-expr","locations":[{"start":{"line":25,"column":33},"end":{"line":25,"column":null}},{"start":{"line":25,"column":33},"end":{"line":25,"column":43}}]}},"s":{"0":2,"1":2,"2":2,"3":2,"4":2,"5":5,"6":5,"7":2,"8":2,"9":1,"10":1,"11":1,"12":1,"13":3,"14":3,"15":1,"16":2,"17":2,"18":1,"19":1,"20":1,"21":1,"22":2,"23":2,"24":2},"f":{"0":5,"1":2,"2":3,"3":2},"b":{"0":[1,1],"1":[1,2],"2":[1,1],"3":[2,0],"4":[2,2]}}
,"C:\\Users\\MSI\\Desktop\\Primer Parcial Herramienta CASE\\Proyecto\\servidor\\src\\projects\\invitations.controller.ts": {"path":"C:\\Users\\MSI\\Desktop\\Primer Parcial Herramienta CASE\\Proyecto\\servidor\\src\\projects\\invitations.controller.ts","statementMap":{"0":{"start":{"line":1,"column":0},"end":{"line":1,"column":null}},"1":{"start":{"line":12,"column":0},"end":{"line":12,"column":61}},"2":{"start":{"line":13,"column":0},"end":{"line":13,"column":59}},"3":{"start":{"line":18,"column":7},"end":{"line":48,"column":null}},"4":{"start":{"line":19,"column":31},"end":{"line":19,"column":51}},"5":{"start":{"line":24,"column":4},"end":{"line":24,"column":65}},"6":{"start":{"line":34,"column":4},"end":{"line":34,"column":73}},"7":{"start":{"line":35,"column":4},"end":{"line":35,"column":24}},"8":{"start":{"line":45,"column":4},"end":{"line":45,"column":73}},"9":{"start":{"line":46,"column":4},"end":{"line":46,"column":24}},"10":{"start":{"line":18,"column":13},"end":{"line":18,"column":34}},"11":{"start":{"line":23,"column":2},"end":{"line":25,"column":null}},"12":{"start":{"line":30,"column":8},"end":{"line":36,"column":null}},"13":{"start":{"line":41,"column":8},"end":{"line":47,"column":null}},"14":{"start":{"line":18,"column":13},"end":{"line":48,"column":null}}},"fnMap":{"0":{"name":"(anonymous_4)","decl":{"start":{"line":19,"column":2},"end":{"line":19,"column":31}},"loc":{"start":{"line":19,"column":69},"end":{"line":19,"column":73}}},"1":{"name":"(anonymous_5)","decl":{"start":{"line":23,"column":2},"end":{"line":23,"column":13}},"loc":{"start":{"line":23,"column":50},"end":{"line":25,"column":3}}},"2":{"name":"(anonymous_6)","decl":{"start":{"line":30,"column":8},"end":{"line":30,"column":14}},"loc":{"start":{"line":32,"column":47},"end":{"line":36,"column":3}}},"3":{"name":"(anonymous_7)","decl":{"start":{"line":41,"column":8},"end":{"line":41,"column":14}},"loc":{"start":{"line":43,"column":47},"end":{"line":47,"column":3}}}},"branchMap":{"0":{"loc":{"start":{"line":23,"column":30},"end":{"line":23,"column":null}},"type":"cond-expr","locations":[{"start":{"line":23,"column":50},"end":{"line":23,"column":null}},{"start":{"line":23,"column":50},"end":{"line":23,"column":null}}]},"1":{"loc":{"start":{"line":23,"column":30},"end":{"line":23,"column":50}},"type":"binary-expr","locations":[{"start":{"line":23,"column":30},"end":{"line":23,"column":null}},{"start":{"line":23,"column":30},"end":{"line":23,"column":50}}]},"2":{"loc":{"start":{"line":31,"column":20},"end":{"line":31,"column":null}},"type":"cond-expr","locations":[{"start":{"line":31,"column":40},"end":{"line":31,"column":null}},{"start":{"line":31,"column":40},"end":{"line":31,"column":null}}]},"3":{"loc":{"start":{"line":31,"column":20},"end":{"line":31,"column":40}},"type":"binary-expr","locations":[{"start":{"line":31,"column":20},"end":{"line":31,"column":null}},{"start":{"line":31,"column":20},"end":{"line":31,"column":40}}]},"4":{"loc":{"start":{"line":33,"column":5},"end":{"line":33,"column":null}},"type":"cond-expr","locations":[{"start":{"line":33,"column":12},"end":{"line":33,"column":null}},{"start":{"line":33,"column":12},"end":{"line":33,"column":null}}]},"5":{"loc":{"start":{"line":33,"column":5},"end":{"line":33,"column":12}},"type":"binary-expr","locations":[{"start":{"line":33,"column":5},"end":{"line":33,"column":null}},{"start":{"line":33,"column":5},"end":{"line":33,"column":12}}]},"6":{"loc":{"start":{"line":42,"column":20},"end":{"line":42,"column":null}},"type":"cond-expr","locations":[{"start":{"line":42,"column":40},"end":{"line":42,"column":null}},{"start":{"line":42,"column":40},"end":{"line":42,"column":null}}]},"7":{"loc":{"start":{"line":42,"column":20},"end":{"line":42,"column":40}},"type":"binary-expr","locations":[{"start":{"line":42,"column":20},"end":{"line":42,"column":null}},{"start":{"line":42,"column":20},"end":{"line":42,"column":40}}]},"8":{"loc":{"start":{"line":44,"column":5},"end":{"line":44,"column":null}},"type":"cond-expr","locations":[{"start":{"line":44,"column":12},"end":{"line":44,"column":null}},{"start":{"line":44,"column":12},"end":{"line":44,"column":null}}]},"9":{"loc":{"start":{"line":44,"column":5},"end":{"line":44,"column":12}},"type":"binary-expr","locations":[{"start":{"line":44,"column":5},"end":{"line":44,"column":null}},{"start":{"line":44,"column":5},"end":{"line":44,"column":12}}]},"10":{"loc":{"start":{"line":19,"column":51},"end":{"line":19,"column":72}},"type":"cond-expr","locations":[{"start":{"line":19,"column":69},"end":{"line":19,"column":72}},{"start":{"line":19,"column":69},"end":{"line":19,"column":72}}]},"11":{"loc":{"start":{"line":19,"column":51},"end":{"line":19,"column":69}},"type":"binary-expr","locations":[{"start":{"line":19,"column":51},"end":{"line":19,"column":72}},{"start":{"line":19,"column":51},"end":{"line":19,"column":69}}]}},"s":{"0":1,"1":1,"2":1,"3":1,"4":3,"5":1,"6":1,"7":1,"8":1,"9":1,"10":1,"11":1,"12":1,"13":1,"14":1},"f":{"0":3,"1":1,"2":1,"3":1},"b":{"0":[0,1],"1":[1,0],"2":[0,1],"3":[1,0],"4":[1,0],"5":[1,1],"6":[0,1],"7":[1,0],"8":[1,0],"9":[1,1],"10":[1,0],"11":[1,1]}}
,"C:\\Users\\MSI\\Desktop\\Primer Parcial Herramienta CASE\\Proyecto\\servidor\\src\\projects\\invitations.service.ts": {"path":"C:\\Users\\MSI\\Desktop\\Primer Parcial Herramienta CASE\\Proyecto\\servidor\\src\\projects\\invitations.service.ts","statementMap":{"0":{"start":{"line":1,"column":0},"end":{"line":1,"column":null}},"1":{"start":{"line":9,"column":0},"end":{"line":9,"column":84}},"2":{"start":{"line":11,"column":0},"end":{"line":11,"column":null}},"3":{"start":{"line":16,"column":0},"end":{"line":16,"column":105}},"4":{"start":{"line":18,"column":0},"end":{"line":18,"column":97}},"5":{"start":{"line":20,"column":0},"end":{"line":20,"column":83}},"6":{"start":{"line":24,"column":7},"end":{"line":131,"column":null}},"7":{"start":{"line":27,"column":21},"end":{"line":27,"column":72}},"8":{"start":{"line":29,"column":21},"end":{"line":29,"column":64}},"9":{"start":{"line":31,"column":21},"end":{"line":31,"column":59}},"10":{"start":{"line":33,"column":21},"end":{"line":33,"column":53}},"11":{"start":{"line":37,"column":17},"end":{"line":37,"column":60}},"12":{"start":{"line":38,"column":4},"end":{"line":40,"column":5}},"13":{"start":{"line":39,"column":6},"end":{"line":39,"column":59}},"14":{"start":{"line":41,"column":4},"end":{"line":41,"column":16}},"15":{"start":{"line":55,"column":17},"end":{"line":55,"column":47}},"16":{"start":{"line":56,"column":24},"end":{"line":57,"column":null}},"17":{"start":{"line":59,"column":21},"end":{"line":60,"column":null}},"18":{"start":{"line":60,"column":38},"end":{"line":60,"column":58}},"19":{"start":{"line":62,"column":25},"end":{"line":63,"column":null}},"20":{"start":{"line":63,"column":32},"end":{"line":63,"column":58}},"21":{"start":{"line":65,"column":4},"end":{"line":75,"column":10}},"22":{"start":{"line":66,"column":30},"end":{"line":66,"column":68}},"23":{"start":{"line":67,"column":28},"end":{"line":75,"column":8}},"24":{"start":{"line":82,"column":17},"end":{"line":82,"column":47}},"25":{"start":{"line":83,"column":23},"end":{"line":83,"column":78}},"26":{"start":{"line":84,"column":4},"end":{"line":86,"column":5}},"27":{"start":{"line":85,"column":6},"end":{"line":85,"column":61}},"28":{"start":{"line":87,"column":4},"end":{"line":89,"column":5}},"29":{"start":{"line":88,"column":6},"end":{"line":88,"column":77}},"30":{"start":{"line":90,"column":4},"end":{"line":94,"column":5}},"31":{"start":{"line":91,"column":6},"end":{"line":93,"column":8}},"32":{"start":{"line":95,"column":4},"end":{"line":95,"column":32}},"33":{"start":{"line":99,"column":33},"end":{"line":101,"column":null}},"34":{"start":{"line":103,"column":27},"end":{"line":105,"column":null}},"35":{"start":{"line":107,"column":4},"end":{"line":109,"column":5}},"36":{"start":{"line":108,"column":6},"end":{"line":108,"column":70}},"37":{"start":{"line":110,"column":4},"end":{"line":113,"column":6}},"38":{"start":{"line":114,"column":4},"end":{"line":118,"column":6}},"39":{"start":{"line":122,"column":27},"end":{"line":124,"column":null}},"40":{"start":{"line":126,"column":4},"end":{"line":129,"column":6}},"41":{"start":{"line":24,"column":13},"end":{"line":24,"column":31}},"42":{"start":{"line":24,"column":13},"end":{"line":131,"column":null}}},"fnMap":{"0":{"name":"(anonymous_4)","decl":{"start":{"line":25,"column":2},"end":{"line":25,"column":null}},"loc":{"start":{"line":33,"column":53},"end":{"line":34,"column":6}}},"1":{"name":"(anonymous_5)","decl":{"start":{"line":36,"column":10},"end":{"line":36,"column":15}},"loc":{"start":{"line":36,"column":42},"end":{"line":42,"column":3}}},"2":{"name":"(anonymous_6)","decl":{"start":{"line":44,"column":2},"end":{"line":44,"column":7}},"loc":{"start":{"line":44,"column":34},"end":{"line":76,"column":3}}},"3":{"name":"(anonymous_7)","decl":{"start":{"line":60,"column":22},"end":{"line":60,"column":23}},"loc":{"start":{"line":60,"column":38},"end":{"line":60,"column":58}}},"4":{"name":"(anonymous_8)","decl":{"start":{"line":63,"column":19},"end":{"line":63,"column":20}},"loc":{"start":{"line":63,"column":32},"end":{"line":63,"column":58}}},"5":{"name":"(anonymous_9)","decl":{"start":{"line":66,"column":14},"end":{"line":66,"column":15}},"loc":{"start":{"line":66,"column":30},"end":{"line":66,"column":68}}},"6":{"name":"(anonymous_10)","decl":{"start":{"line":67,"column":11},"end":{"line":67,"column":12}},"loc":{"start":{"line":67,"column":28},"end":{"line":75,"column":8}}},"7":{"name":"(anonymous_11)","decl":{"start":{"line":78,"column":10},"end":{"line":78,"column":15}},"loc":{"start":{"line":80,"column":24},"end":{"line":96,"column":3}}},"8":{"name":"(anonymous_12)","decl":{"start":{"line":98,"column":2},"end":{"line":98,"column":7}},"loc":{"start":{"line":98,"column":51},"end":{"line":119,"column":3}}},"9":{"name":"(anonymous_13)","decl":{"start":{"line":121,"column":2},"end":{"line":121,"column":7}},"loc":{"start":{"line":121,"column":51},"end":{"line":130,"column":3}}}},"branchMap":{"0":{"loc":{"start":{"line":38,"column":4},"end":{"line":40,"column":5}},"type":"if","locations":[{"start":{"line":38,"column":4},"end":{"line":40,"column":5}},{"start":{},"end":{}}]},"1":{"loc":{"start":{"line":84,"column":4},"end":{"line":86,"column":5}},"type":"if","locations":[{"start":{"line":84,"column":4},"end":{"line":86,"column":5}},{"start":{},"end":{}}]},"2":{"loc":{"start":{"line":87,"column":4},"end":{"line":89,"column":5}},"type":"if","locations":[{"start":{"line":87,"column":4},"end":{"line":89,"column":5}},{"start":{},"end":{}}]},"3":{"loc":{"start":{"line":90,"column":4},"end":{"line":94,"column":5}},"type":"if","locations":[{"start":{"line":90,"column":4},"end":{"line":94,"column":5}},{"start":{},"end":{}}]},"4":{"loc":{"start":{"line":107,"column":4},"end":{"line":109,"column":5}},"type":"if","locations":[{"start":{"line":107,"column":4},"end":{"line":109,"column":5}},{"start":{},"end":{}}]}},"s":{"0":2,"1":2,"2":2,"3":2,"4":2,"5":2,"6":2,"7":11,"8":11,"9":11,"10":11,"11":11,"12":11,"13":1,"14":10,"15":3,"16":2,"17":2,"18":2,"19":2,"20":1,"21":2,"22":2,"23":1,"24":8,"25":8,"26":8,"27":2,"28":6,"29":2,"30":4,"31":1,"32":3,"33":5,"34":2,"35":2,"36":1,"37":1,"38":1,"39":3,"40":1,"41":2,"42":2},"f":{"0":11,"1":11,"2":3,"3":2,"4":1,"5":2,"6":1,"7":8,"8":5,"9":3},"b":{"0":[1,10],"1":[2,6],"2":[2,4],"3":[1,3],"4":[1,1]}}
,"C:\\Users\\MSI\\Desktop\\Primer Parcial Herramienta CASE\\Proyecto\\servidor\\src\\projects\\project-members.controller.ts": {"path":"C:\\Users\\MSI\\Desktop\\Primer Parcial Herramienta CASE\\Proyecto\\servidor\\src\\projects\\project-members.controller.ts","statementMap":{"0":{"start":{"line":1,"column":0},"end":{"line":1,"column":null}},"1":{"start":{"line":15,"column":0},"end":{"line":15,"column":61}},"2":{"start":{"line":16,"column":0},"end":{"line":16,"column":54}},"3":{"start":{"line":17,"column":0},"end":{"line":17,"column":67}},"4":{"start":{"line":20,"column":0},"end":{"line":20,"column":66}},"5":{"start":{"line":33,"column":7},"end":{"line":93,"column":null}},"6":{"start":{"line":34,"column":31},"end":{"line":34,"column":54}},"7":{"start":{"line":43,"column":4},"end":{"line":48,"column":6}},"8":{"start":{"line":57,"column":4},"end":{"line":57,"column":79}},"9":{"start":{"line":69,"column":4},"end":{"line":74,"column":6}},"10":{"start":{"line":75,"column":4},"end":{"line":75,"column":24}},"11":{"start":{"line":86,"column":4},"end":{"line":90,"column":6}},"12":{"start":{"line":91,"column":4},"end":{"line":91,"column":24}},"13":{"start":{"line":33,"column":13},"end":{"line":33,"column":37}},"14":{"start":{"line":38,"column":2},"end":{"line":49,"column":null}},"15":{"start":{"line":53,"column":2},"end":{"line":58,"column":null}},"16":{"start":{"line":63,"column":8},"end":{"line":76,"column":null}},"17":{"start":{"line":81,"column":8},"end":{"line":92,"column":null}},"18":{"start":{"line":33,"column":13},"end":{"line":93,"column":null}}},"fnMap":{"0":{"name":"(anonymous_4)","decl":{"start":{"line":34,"column":2},"end":{"line":34,"column":31}},"loc":{"start":{"line":34,"column":75},"end":{"line":34,"column":79}}},"1":{"name":"(anonymous_5)","decl":{"start":{"line":38,"column":2},"end":{"line":38,"column":8}},"loc":{"start":{"line":41,"column":30},"end":{"line":49,"column":3}}},"2":{"name":"(anonymous_6)","decl":{"start":{"line":53,"column":2},"end":{"line":53,"column":13}},"loc":{"start":{"line":55,"column":41},"end":{"line":58,"column":3}}},"3":{"name":"(anonymous_7)","decl":{"start":{"line":63,"column":8},"end":{"line":63,"column":24}},"loc":{"start":{"line":67,"column":36},"end":{"line":76,"column":3}}},"4":{"name":"(anonymous_8)","decl":{"start":{"line":81,"column":8},"end":{"line":81,"column":20}},"loc":{"start":{"line":84,"column":35},"end":{"line":92,"column":3}}}},"branchMap":{"0":{"loc":{"start":{"line":39,"column":20},"end":{"line":39,"column":null}},"type":"cond-expr","locations":[{"start":{"line":39,"column":40},"end":{"line":39,"column":null}},{"start":{"line":39,"column":40},"end":{"line":39,"column":null}}]},"1":{"loc":{"start":{"line":39,"column":20},"end":{"line":39,"column":40}},"type":"binary-expr","locations":[{"start":{"line":39,"column":20},"end":{"line":39,"column":null}},{"start":{"line":39,"column":20},"end":{"line":39,"column":40}}]},"2":{"loc":{"start":{"line":39,"column":40},"end":{"line":41,"column":null}},"type":"cond-expr","locations":[{"start":{"line":41,"column":30},"end":{"line":41,"column":null}},{"start":{"line":41,"column":30},"end":{"line":41,"column":null}}]},"3":{"loc":{"start":{"line":39,"column":40},"end":{"line":41,"column":30}},"type":"binary-expr","locations":[{"start":{"line":39,"column":40},"end":{"line":41,"column":null}},{"start":{"line":41,"column":17},"end":{"line":41,"column":30}}]},"4":{"loc":{"start":{"line":42,"column":5},"end":{"line":42,"column":null}},"type":"cond-expr","locations":[{"start":{"line":42,"column":12},"end":{"line":42,"column":null}},{"start":{"line":42,"column":12},"end":{"line":42,"column":null}}]},"5":{"loc":{"start":{"line":42,"column":5},"end":{"line":42,"column":12}},"type":"binary-expr","locations":[{"start":{"line":42,"column":5},"end":{"line":42,"column":null}},{"start":{"line":42,"column":5},"end":{"line":42,"column":12}}]},"6":{"loc":{"start":{"line":54,"column":20},"end":{"line":54,"column":null}},"type":"cond-expr","locations":[{"start":{"line":54,"column":40},"end":{"line":54,"column":null}},{"start":{"line":54,"column":40},"end":{"line":54,"column":null}}]},"7":{"loc":{"start":{"line":54,"column":20},"end":{"line":54,"column":40}},"type":"binary-expr","locations":[{"start":{"line":54,"column":20},"end":{"line":54,"column":null}},{"start":{"line":54,"column":20},"end":{"line":54,"column":40}}]},"8":{"loc":{"start":{"line":56,"column":5},"end":{"line":56,"column":null}},"type":"cond-expr","locations":[{"start":{"line":56,"column":12},"end":{"line":56,"column":null}},{"start":{"line":56,"column":12},"end":{"line":56,"column":null}}]},"9":{"loc":{"start":{"line":56,"column":5},"end":{"line":56,"column":12}},"type":"binary-expr","locations":[{"start":{"line":56,"column":5},"end":{"line":56,"column":null}},{"start":{"line":56,"column":5},"end":{"line":56,"column":12}}]},"10":{"loc":{"start":{"line":64,"column":20},"end":{"line":64,"column":null}},"type":"cond-expr","locations":[{"start":{"line":64,"column":40},"end":{"line":64,"column":null}},{"start":{"line":64,"column":40},"end":{"line":64,"column":null}}]},"11":{"loc":{"start":{"line":64,"column":20},"end":{"line":64,"column":40}},"type":"binary-expr","locations":[{"start":{"line":64,"column":20},"end":{"line":64,"column":null}},{"start":{"line":64,"column":20},"end":{"line":64,"column":40}}]},"12":{"loc":{"start":{"line":64,"column":40},"end":{"line":67,"column":null}},"type":"cond-expr","locations":[{"start":{"line":67,"column":36},"end":{"line":67,"column":null}},{"start":{"line":67,"column":36},"end":{"line":67,"column":null}}]},"13":{"loc":{"start":{"line":64,"column":40},"end":{"line":67,"column":36}},"type":"binary-expr","locations":[{"start":{"line":64,"column":40},"end":{"line":67,"column":null}},{"start":{"line":67,"column":17},"end":{"line":67,"column":36}}]},"14":{"loc":{"start":{"line":68,"column":5},"end":{"line":68,"column":null}},"type":"cond-expr","locations":[{"start":{"line":68,"column":12},"end":{"line":68,"column":null}},{"start":{"line":68,"column":12},"end":{"line":68,"column":null}}]},"15":{"loc":{"start":{"line":68,"column":5},"end":{"line":68,"column":12}},"type":"binary-expr","locations":[{"start":{"line":68,"column":5},"end":{"line":68,"column":null}},{"start":{"line":68,"column":5},"end":{"line":68,"column":12}}]},"16":{"loc":{"start":{"line":82,"column":20},"end":{"line":82,"column":null}},"type":"cond-expr","locations":[{"start":{"line":82,"column":40},"end":{"line":82,"column":null}},{"start":{"line":82,"column":40},"end":{"line":82,"column":null}}]},"17":{"loc":{"start":{"line":82,"column":20},"end":{"line":82,"column":40}},"type":"binary-expr","locations":[{"start":{"line":82,"column":20},"end":{"line":82,"column":null}},{"start":{"line":82,"column":20},"end":{"line":82,"column":40}}]},"18":{"loc":{"start":{"line":85,"column":5},"end":{"line":85,"column":null}},"type":"cond-expr","locations":[{"start":{"line":85,"column":12},"end":{"line":85,"column":null}},{"start":{"line":85,"column":12},"end":{"line":85,"column":null}}]},"19":{"loc":{"start":{"line":85,"column":5},"end":{"line":85,"column":12}},"type":"binary-expr","locations":[{"start":{"line":85,"column":5},"end":{"line":85,"column":null}},{"start":{"line":85,"column":5},"end":{"line":85,"column":12}}]},"20":{"loc":{"start":{"line":34,"column":54},"end":{"line":34,"column":78}},"type":"cond-expr","locations":[{"start":{"line":34,"column":75},"end":{"line":34,"column":78}},{"start":{"line":34,"column":75},"end":{"line":34,"column":78}}]},"21":{"loc":{"start":{"line":34,"column":54},"end":{"line":34,"column":75}},"type":"binary-expr","locations":[{"start":{"line":34,"column":54},"end":{"line":34,"column":78}},{"start":{"line":34,"column":54},"end":{"line":34,"column":75}}]}},"s":{"0":1,"1":1,"2":1,"3":1,"4":1,"5":1,"6":4,"7":1,"8":1,"9":1,"10":1,"11":1,"12":1,"13":1,"14":1,"15":1,"16":1,"17":1,"18":1},"f":{"0":4,"1":1,"2":1,"3":1,"4":1},"b":{"0":[0,1],"1":[1,0],"2":[1,0],"3":[1,1],"4":[1,0],"5":[1,1],"6":[0,1],"7":[1,0],"8":[1,0],"9":[1,1],"10":[0,1],"11":[1,0],"12":[1,0],"13":[1,1],"14":[1,0],"15":[1,1],"16":[0,1],"17":[1,0],"18":[1,0],"19":[1,1],"20":[1,0],"21":[1,1]}}
,"C:\\Users\\MSI\\Desktop\\Primer Parcial Herramienta CASE\\Proyecto\\servidor\\src\\projects\\project-members.service.ts": {"path":"C:\\Users\\MSI\\Desktop\\Primer Parcial Herramienta CASE\\Proyecto\\servidor\\src\\projects\\project-members.service.ts","statementMap":{"0":{"start":{"line":1,"column":0},"end":{"line":1,"column":null}},"1":{"start":{"line":9,"column":0},"end":{"line":9,"column":84}},"2":{"start":{"line":11,"column":0},"end":{"line":11,"column":null}},"3":{"start":{"line":15,"column":0},"end":{"line":15,"column":97}},"4":{"start":{"line":17,"column":0},"end":{"line":17,"column":105}},"5":{"start":{"line":19,"column":0},"end":{"line":19,"column":83}},"6":{"start":{"line":21,"column":0},"end":{"line":21,"column":51}},"7":{"start":{"line":22,"column":0},"end":{"line":22,"column":53}},"8":{"start":{"line":24,"column":21},"end":{"line":27,"column":30}},"9":{"start":{"line":25,"column":2},"end":{"line":27,"column":30}},"10":{"start":{"line":30,"column":7},"end":{"line":212,"column":null}},"11":{"start":{"line":33,"column":21},"end":{"line":33,"column":64}},"12":{"start":{"line":35,"column":21},"end":{"line":35,"column":72}},"13":{"start":{"line":37,"column":21},"end":{"line":37,"column":53}},"14":{"start":{"line":39,"column":21},"end":{"line":39,"column":59}},"15":{"start":{"line":40,"column":21},"end":{"line":40,"column":38}},"16":{"start":{"line":47,"column":4},"end":{"line":49,"column":5}},"17":{"start":{"line":48,"column":6},"end":{"line":48,"column":70}},"18":{"start":{"line":50,"column":4},"end":{"line":52,"column":5}},"19":{"start":{"line":51,"column":6},"end":{"line":51,"column":71}},"20":{"start":{"line":56,"column":23},"end":{"line":56,"column":75}},"21":{"start":{"line":57,"column":4},"end":{"line":57,"column":59}},"22":{"start":{"line":58,"column":4},"end":{"line":58,"column":22}},"23":{"start":{"line":73,"column":4},"end":{"line":73,"column":53}},"24":{"start":{"line":74,"column":19},"end":{"line":74,"column":64}},"25":{"start":{"line":75,"column":4},"end":{"line":77,"column":5}},"26":{"start":{"line":76,"column":6},"end":{"line":76,"column":68}},"27":{"start":{"line":78,"column":4},"end":{"line":80,"column":5}},"28":{"start":{"line":79,"column":6},"end":{"line":79,"column":68}},"29":{"start":{"line":81,"column":27},"end":{"line":83,"column":null}},"30":{"start":{"line":85,"column":4},"end":{"line":87,"column":5}},"31":{"start":{"line":86,"column":6},"end":{"line":86,"column":79}},"32":{"start":{"line":89,"column":6},"end":{"line":91,"column":null}},"33":{"start":{"line":93,"column":4},"end":{"line":97,"column":5}},"34":{"start":{"line":94,"column":6},"end":{"line":96,"column":8}},"35":{"start":{"line":98,"column":23},"end":{"line":103,"column":6}},"36":{"start":{"line":104,"column":4},"end":{"line":110,"column":6}},"37":{"start":{"line":119,"column":23},"end":{"line":119,"column":76}},"38":{"start":{"line":120,"column":4},"end":{"line":122,"column":5}},"39":{"start":{"line":121,"column":6},"end":{"line":121,"column":70}},"40":{"start":{"line":123,"column":4},"end":{"line":130,"column":5}},"41":{"start":{"line":127,"column":6},"end":{"line":129,"column":8}},"42":{"start":{"line":131,"column":20},"end":{"line":131,"column":73}},"43":{"start":{"line":132,"column":18},"end":{"line":133,"column":null}},"44":{"start":{"line":133,"column":30},"end":{"line":133,"column":43}},"45":{"start":{"line":135,"column":17},"end":{"line":135,"column":62}},"46":{"start":{"line":135,"column":45},"end":{"line":135,"column":60}},"47":{"start":{"line":141,"column":10},"end":{"line":141,"column":12}},"48":{"start":{"line":142,"column":4},"end":{"line":152,"column":5}},"49":{"start":{"line":143,"column":19},"end":{"line":143,"column":42}},"50":{"start":{"line":144,"column":6},"end":{"line":151,"column":7}},"51":{"start":{"line":145,"column":8},"end":{"line":150,"column":11}},"52":{"start":{"line":153,"column":4},"end":{"line":153,"column":18}},"53":{"start":{"line":162,"column":4},"end":{"line":162,"column":53}},"54":{"start":{"line":163,"column":4},"end":{"line":165,"column":5}},"55":{"start":{"line":164,"column":6},"end":{"line":164,"column":71}},"56":{"start":{"line":166,"column":29},"end":{"line":168,"column":null}},"57":{"start":{"line":170,"column":4},"end":{"line":172,"column":5}},"58":{"start":{"line":171,"column":6},"end":{"line":171,"column":75}},"59":{"start":{"line":173,"column":4},"end":{"line":177,"column":5}},"60":{"start":{"line":174,"column":6},"end":{"line":176,"column":8}},"61":{"start":{"line":178,"column":4},"end":{"line":182,"column":6}},"62":{"start":{"line":183,"column":4},"end":{"line":187,"column":6}},"63":{"start":{"line":195,"column":4},"end":{"line":195,"column":53}},"64":{"start":{"line":196,"column":4},"end":{"line":198,"column":5}},"65":{"start":{"line":197,"column":6},"end":{"line":197,"column":71}},"66":{"start":{"line":199,"column":29},"end":{"line":201,"column":null}},"67":{"start":{"line":203,"column":4},"end":{"line":205,"column":5}},"68":{"start":{"line":204,"column":6},"end":{"line":204,"column":75}},"69":{"start":{"line":206,"column":4},"end":{"line":208,"column":5}},"70":{"start":{"line":207,"column":6},"end":{"line":207,"column":72}},"71":{"start":{"line":209,"column":4},"end":{"line":209,"column":65}},"72":{"start":{"line":210,"column":4},"end":{"line":210,"column":66}},"73":{"start":{"line":30,"column":13},"end":{"line":30,"column":34}},"74":{"start":{"line":30,"column":13},"end":{"line":212,"column":null}}},"fnMap":{"0":{"name":"(anonymous_4)","decl":{"start":{"line":24,"column":21},"end":{"line":24,"column":22}},"loc":{"start":{"line":25,"column":2},"end":{"line":27,"column":30}}},"1":{"name":"(anonymous_5)","decl":{"start":{"line":31,"column":2},"end":{"line":31,"column":null}},"loc":{"start":{"line":40,"column":53},"end":{"line":41,"column":6}}},"2":{"name":"(anonymous_6)","decl":{"start":{"line":43,"column":10},"end":{"line":43,"column":25}},"loc":{"start":{"line":45,"column":18},"end":{"line":53,"column":3}}},"3":{"name":"(anonymous_7)","decl":{"start":{"line":55,"column":10},"end":{"line":55,"column":15}},"loc":{"start":{"line":55,"column":67},"end":{"line":59,"column":3}}},"4":{"name":"(anonymous_8)","decl":{"start":{"line":61,"column":2},"end":{"line":61,"column":7}},"loc":{"start":{"line":65,"column":20},"end":{"line":111,"column":3}}},"5":{"name":"(anonymous_9)","decl":{"start":{"line":113,"column":2},"end":{"line":113,"column":7}},"loc":{"start":{"line":115,"column":21},"end":{"line":154,"column":3}}},"6":{"name":"(anonymous_10)","decl":{"start":{"line":133,"column":18},"end":{"line":133,"column":19}},"loc":{"start":{"line":133,"column":30},"end":{"line":133,"column":43}}},"7":{"name":"(anonymous_11)","decl":{"start":{"line":135,"column":35},"end":{"line":135,"column":36}},"loc":{"start":{"line":135,"column":45},"end":{"line":135,"column":60}}},"8":{"name":"(anonymous_12)","decl":{"start":{"line":156,"column":2},"end":{"line":156,"column":7}},"loc":{"start":{"line":160,"column":20},"end":{"line":188,"column":3}}},"9":{"name":"(anonymous_13)","decl":{"start":{"line":190,"column":2},"end":{"line":190,"column":7}},"loc":{"start":{"line":193,"column":24},"end":{"line":211,"column":3}}}},"branchMap":{"0":{"loc":{"start":{"line":25,"column":2},"end":{"line":27,"column":30}},"type":"cond-expr","locations":[{"start":{"line":26,"column":6},"end":{"line":26,"column":30}},{"start":{"line":27,"column":6},"end":{"line":27,"column":30}}]},"1":{"loc":{"start":{"line":47,"column":4},"end":{"line":49,"column":5}},"type":"if","locations":[{"start":{"line":47,"column":4},"end":{"line":49,"column":5}},{"start":{},"end":{}}]},"2":{"loc":{"start":{"line":50,"column":4},"end":{"line":52,"column":5}},"type":"if","locations":[{"start":{"line":50,"column":4},"end":{"line":52,"column":5}},{"start":{},"end":{}}]},"3":{"loc":{"start":{"line":75,"column":4},"end":{"line":77,"column":5}},"type":"if","locations":[{"start":{"line":75,"column":4},"end":{"line":77,"column":5}},{"start":{},"end":{}}]},"4":{"loc":{"start":{"line":78,"column":4},"end":{"line":80,"column":5}},"type":"if","locations":[{"start":{"line":78,"column":4},"end":{"line":80,"column":5}},{"start":{},"end":{}}]},"5":{"loc":{"start":{"line":85,"column":4},"end":{"line":87,"column":5}},"type":"if","locations":[{"start":{"line":85,"column":4},"end":{"line":87,"column":5}},{"start":{},"end":{}}]},"6":{"loc":{"start":{"line":93,"column":4},"end":{"line":97,"column":5}},"type":"if","locations":[{"start":{"line":93,"column":4},"end":{"line":97,"column":5}},{"start":{},"end":{}}]},"7":{"loc":{"start":{"line":120,"column":4},"end":{"line":122,"column":5}},"type":"if","locations":[{"start":{"line":120,"column":4},"end":{"line":122,"column":5}},{"start":{},"end":{}}]},"8":{"loc":{"start":{"line":123,"column":4},"end":{"line":130,"column":5}},"type":"if","locations":[{"start":{"line":123,"column":4},"end":{"line":130,"column":5}},{"start":{},"end":{}}]},"9":{"loc":{"start":{"line":124,"column":6},"end":{"line":125,"column":50}},"type":"binary-expr","locations":[{"start":{"line":124,"column":6},"end":{"line":124,"column":48}},{"start":{"line":125,"column":6},"end":{"line":125,"column":50}}]},"10":{"loc":{"start":{"line":144,"column":6},"end":{"line":151,"column":7}},"type":"if","locations":[{"start":{"line":144,"column":6},"end":{"line":151,"column":7}},{"start":{},"end":{}}]},"11":{"loc":{"start":{"line":163,"column":4},"end":{"line":165,"column":5}},"type":"if","locations":[{"start":{"line":163,"column":4},"end":{"line":165,"column":5}},{"start":{},"end":{}}]},"12":{"loc":{"start":{"line":170,"column":4},"end":{"line":172,"column":5}},"type":"if","locations":[{"start":{"line":170,"column":4},"end":{"line":172,"column":5}},{"start":{},"end":{}}]},"13":{"loc":{"start":{"line":173,"column":4},"end":{"line":177,"column":5}},"type":"if","locations":[{"start":{"line":173,"column":4},"end":{"line":177,"column":5}},{"start":{},"end":{}}]},"14":{"loc":{"start":{"line":196,"column":4},"end":{"line":198,"column":5}},"type":"if","locations":[{"start":{"line":196,"column":4},"end":{"line":198,"column":5}},{"start":{},"end":{}}]},"15":{"loc":{"start":{"line":203,"column":4},"end":{"line":205,"column":5}},"type":"if","locations":[{"start":{"line":203,"column":4},"end":{"line":205,"column":5}},{"start":{},"end":{}}]},"16":{"loc":{"start":{"line":206,"column":4},"end":{"line":208,"column":5}},"type":"if","locations":[{"start":{"line":206,"column":4},"end":{"line":208,"column":5}},{"start":{},"end":{}}]},"17":{"loc":{"start":{"line":40,"column":38},"end":{"line":40,"column":null}},"type":"cond-expr","locations":[{"start":{"line":40,"column":53},"end":{"line":40,"column":null}},{"start":{"line":40,"column":53},"end":{"line":40,"column":null}}]},"18":{"loc":{"start":{"line":40,"column":38},"end":{"line":40,"column":53}},"type":"binary-expr","locations":[{"start":{"line":40,"column":38},"end":{"line":40,"column":null}},{"start":{"line":40,"column":38},"end":{"line":40,"column":53}}]}},"s":{"0":2,"1":2,"2":2,"3":2,"4":2,"5":2,"6":2,"7":2,"8":2,"9":3,"10":2,"11":19,"12":19,"13":19,"14":19,"15":19,"16":15,"17":1,"18":14,"19":1,"20":15,"21":15,"22":13,"23":7,"24":5,"25":5,"26":1,"27":4,"28":1,"29":3,"30":3,"31":2,"32":1,"33":1,"34":0,"35":1,"36":1,"37":4,"38":4,"39":1,"40":3,"41":1,"42":2,"43":2,"44":3,"45":2,"46":2,"47":2,"48":2,"49":3,"50":3,"51":2,"52":2,"53":4,"54":4,"55":1,"56":3,"57":3,"58":1,"59":2,"60":1,"61":1,"62":1,"63":4,"64":4,"65":1,"66":3,"67":3,"68":1,"69":2,"70":1,"71":1,"72":1,"73":2,"74":2},"f":{"0":3,"1":19,"2":15,"3":15,"4":7,"5":4,"6":3,"7":2,"8":4,"9":4},"b":{"0":[3,0],"1":[1,14],"2":[1,13],"3":[1,4],"4":[1,3],"5":[2,1],"6":[0,1],"7":[1,3],"8":[1,2],"9":[3,1],"10":[2,1],"11":[1,3],"12":[1,2],"13":[1,1],"14":[1,3],"15":[1,2],"16":[1,1],"17":[2,0],"18":[2,2]}}
,"C:\\Users\\MSI\\Desktop\\Primer Parcial Herramienta CASE\\Proyecto\\servidor\\src\\projects\\projects.controller.ts": {"path":"C:\\Users\\MSI\\Desktop\\Primer Parcial Herramienta CASE\\Proyecto\\servidor\\src\\projects\\projects.controller.ts","statementMap":{"0":{"start":{"line":1,"column":0},"end":{"line":1,"column":null}},"1":{"start":{"line":14,"column":0},"end":{"line":14,"column":61}},"2":{"start":{"line":15,"column":0},"end":{"line":15,"column":60}},"3":{"start":{"line":21,"column":0},"end":{"line":21,"column":53}},"4":{"start":{"line":26,"column":7},"end":{"line":67,"column":null}},"5":{"start":{"line":27,"column":31},"end":{"line":27,"column":48}},"6":{"start":{"line":35,"column":4},"end":{"line":39,"column":6}},"7":{"start":{"line":45,"column":4},"end":{"line":45,"column":70}},"8":{"start":{"line":54,"column":4},"end":{"line":54,"column":78}},"9":{"start":{"line":64,"column":4},"end":{"line":64,"column":74}},"10":{"start":{"line":65,"column":4},"end":{"line":65,"column":24}},"11":{"start":{"line":26,"column":13},"end":{"line":26,"column":31}},"12":{"start":{"line":31,"column":2},"end":{"line":40,"column":null}},"13":{"start":{"line":44,"column":2},"end":{"line":46,"column":null}},"14":{"start":{"line":50,"column":2},"end":{"line":55,"column":null}},"15":{"start":{"line":60,"column":8},"end":{"line":66,"column":null}},"16":{"start":{"line":26,"column":13},"end":{"line":67,"column":null}}},"fnMap":{"0":{"name":"(anonymous_4)","decl":{"start":{"line":27,"column":2},"end":{"line":27,"column":31}},"loc":{"start":{"line":27,"column":63},"end":{"line":27,"column":67}}},"1":{"name":"(anonymous_5)","decl":{"start":{"line":31,"column":2},"end":{"line":31,"column":8}},"loc":{"start":{"line":33,"column":33},"end":{"line":40,"column":3}}},"2":{"name":"(anonymous_6)","decl":{"start":{"line":44,"column":2},"end":{"line":44,"column":6}},"loc":{"start":{"line":44,"column":43},"end":{"line":46,"column":3}}},"3":{"name":"(anonymous_7)","decl":{"start":{"line":50,"column":2},"end":{"line":50,"column":11}},"loc":{"start":{"line":52,"column":41},"end":{"line":55,"column":3}}},"4":{"name":"(anonymous_8)","decl":{"start":{"line":60,"column":8},"end":{"line":60,"column":14}},"loc":{"start":{"line":62,"column":41},"end":{"line":66,"column":3}}}},"branchMap":{"0":{"loc":{"start":{"line":38,"column":6},"end":{"line":38,"column":29}},"type":"binary-expr","locations":[{"start":{"line":38,"column":6},"end":{"line":38,"column":21}},{"start":{"line":38,"column":25},"end":{"line":38,"column":29}}]},"1":{"loc":{"start":{"line":32,"column":20},"end":{"line":32,"column":null}},"type":"cond-expr","locations":[{"start":{"line":32,"column":40},"end":{"line":32,"column":null}},{"start":{"line":32,"column":40},"end":{"line":32,"column":null}}]},"2":{"loc":{"start":{"line":32,"column":20},"end":{"line":32,"column":40}},"type":"binary-expr","locations":[{"start":{"line":32,"column":20},"end":{"line":32,"column":null}},{"start":{"line":32,"column":20},"end":{"line":32,"column":40}}]},"3":{"loc":{"start":{"line":32,"column":40},"end":{"line":33,"column":null}},"type":"cond-expr","locations":[{"start":{"line":33,"column":33},"end":{"line":33,"column":null}},{"start":{"line":33,"column":33},"end":{"line":33,"column":null}}]},"4":{"loc":{"start":{"line":32,"column":40},"end":{"line":33,"column":33}},"type":"binary-expr","locations":[{"start":{"line":32,"column":40},"end":{"line":33,"column":null}},{"start":{"line":33,"column":17},"end":{"line":33,"column":33}}]},"5":{"loc":{"start":{"line":34,"column":5},"end":{"line":34,"column":null}},"type":"cond-expr","locations":[{"start":{"line":34,"column":12},"end":{"line":34,"column":null}},{"start":{"line":34,"column":12},"end":{"line":34,"column":null}}]},"6":{"loc":{"start":{"line":34,"column":5},"end":{"line":34,"column":12}},"type":"binary-expr","locations":[{"start":{"line":34,"column":5},"end":{"line":34,"column":null}},{"start":{"line":34,"column":5},"end":{"line":34,"column":12}}]},"7":{"loc":{"start":{"line":44,"column":23},"end":{"line":44,"column":46}},"type":"cond-expr","locations":[{"start":{"line":44,"column":43},"end":{"line":44,"column":46}},{"start":{"line":44,"column":43},"end":{"line":44,"column":46}}]},"8":{"loc":{"start":{"line":44,"column":23},"end":{"line":44,"column":43}},"type":"binary-expr","locations":[{"start":{"line":44,"column":23},"end":{"line":44,"column":46}},{"start":{"line":44,"column":23},"end":{"line":44,"column":43}}]},"9":{"loc":{"start":{"line":44,"column":46},"end":{"line":44,"column":null}},"type":"cond-expr","locations":[{"start":{"line":44,"column":53},"e
[...]
{"start":{"line":200,"column":41},"end":{"line":206,"column":3}}}},"branchMap":{"0":{"loc":{"start":{"line":51,"column":9},"end":{"line":51,"column":52}},"type":"binary-expr","locations":[{"start":{"line":51,"column":9},"end":{"line":51,"column":37}},{"start":{"line":51,"column":41},"end":{"line":51,"column":52}}]},"1":{"loc":{"start":{"line":54,"column":39},"end":{"line":54,"column":57}},"type":"default-arg","locations":[{"start":{"line":54,"column":50},"end":{"line":54,"column":57}}]},"2":{"loc":{"start":{"line":56,"column":2},"end":{"line":58,"column":3}},"type":"if","locations":[{"start":{"line":56,"column":2},"end":{"line":58,"column":3}},{"start":{},"end":{}}]},"3":{"loc":{"start":{"line":59,"column":2},"end":{"line":61,"column":3}},"type":"if","locations":[{"start":{"line":59,"column":2},"end":{"line":61,"column":3}},{"start":{},"end":{}}]},"4":{"loc":{"start":{"line":73,"column":6},"end":{"line":77,"column":7}},"type":"if","locations":[{"start":{"line":73,"column":6},"end":{"line":77,"column":7}},{"start":{},"end":{}}]},"5":{"loc":{"start":{"line":74,"column":25},"end":{"line":74,"column":57}},"type":"binary-expr","locations":[{"start":{"line":74,"column":25},"end":{"line":74,"column":52}},{"start":{"line":74,"column":56},"end":{"line":74,"column":57}}]},"6":{"loc":{"start":{"line":115,"column":4},"end":{"line":131,"column":5}},"type":"if","locations":[{"start":{"line":115,"column":4},"end":{"line":131,"column":5}},{"start":{},"end":{}}]},"7":{"loc":{"start":{"line":120,"column":12},"end":{"line":126,"column":14}},"type":"cond-expr","locations":[{"start":{"line":121,"column":12},"end":{"line":125,"column":null}},{"start":{"line":126,"column":12},"end":{"line":126,"column":14}}]},"8":{"loc":{"start":{"line":133,"column":4},"end":{"line":135,"column":5}},"type":"if","locations":[{"start":{"line":133,"column":4},"end":{"line":135,"column":5}},{"start":{},"end":{}}]},"9":{"loc":{"start":{"line":152,"column":8},"end":{"line":152,"column":77}},"type":"binary-expr","locations":[{"start":{"line":152,"column":8},"end":{"line":152,"column":32}},{"start":{"line":152,"column":36},"end":{"line":152,"column":77}}]},"10":{"loc":{"start":{"line":154,"column":4},"end":{"line":156,"column":5}},"type":"if","locations":[{"start":{"line":154,"column":4},"end":{"line":156,"column":5}},{"start":{},"end":{}}]},"11":{"loc":{"start":{"line":157,"column":11},"end":{"line":157,"column":57}},"type":"binary-expr","locations":[{"start":{"line":157,"column":11},"end":{"line":157,"column":49}},{"start":{"line":157,"column":53},"end":{"line":157,"column":57}}]},"12":{"loc":{"start":{"line":167,"column":8},"end":{"line":167,"column":75}},"type":"binary-expr","locations":[{"start":{"line":167,"column":8},"end":{"line":167,"column":32}},{"start":{"line":167,"column":36},"end":{"line":167,"column":75}}]},"13":{"loc":{"start":{"line":173,"column":6},"end":{"line":175,"column":7}},"type":"if","locations":[{"start":{"line":173,"column":6},"end":{"line":175,"column":7}},{"start":{},"end":{}}]},"14":{"loc":{"start":{"line":176,"column":23},"end":{"line":178,"column":20}},"type":"cond-expr","locations":[{"start":{"line":177,"column":10},"end":{"line":177,"column":48}},{"start":{"line":178,"column":10},"end":{"line":178,"column":20}}]},"15":{"loc":{"start":{"line":186,"column":24},"end":{"line":186,"column":79}},"type":"cond-expr","locations":[{"start":{"line":186,"column":61},"end":{"line":186,"column":75}},{"start":{"line":186,"column":78},"end":{"line":186,"column":79}}]},"16":{"loc":{"start":{"line":188,"column":8},"end":{"line":192,"column":15}},"type":"cond-expr","locations":[{"start":{"line":189,"column":12},"end":{"line":189,"column":23}},{"start":{"line":190,"column":12},"end":{"line":192,"column":15}}]},"17":{"loc":{"start":{"line":190,"column":12},"end":{"line":192,"column":15}},"type":"cond-expr","locations":[{"start":{"line":191,"column":14},"end":{"line":191,"column":28}},{"start":{"line":192,"column":14},"end":{"line":192,"column":15}}]}},"s":{"0":2,"1":2,"2":2,"3":2,"4":2,"5":2,"6":13,"7":13,"8":19,"9":19,"10":1,"11":19,"12":1,"13":19,"14":2,"15":7,"16":7,"17":7,"18":12,"19":12,"20":1,"21":1,"22":1,"23":12,"24":12,"25":7,"26":7,"27":12,"28":7,"29":7,"30":7,"31":7,"32":12,"33":12,"34":12,"35":7,"36":7,"37":12,"38":12,"39":12,"40":3,"41":3,"42":12,"43":12,"44":1,"45":0,"46":11,"47":7,"48":4,"49":5,"50":12,"51":8,"52":12,"53":11,"54":1,"55":12,"56":8,"57":12,"58":12,"59":12,"60":2,"61":2,"62":0,"63":2,"64":2,"65":2,"66":2,"67":0,"68":0,"69":2,"70":2,"71":2,"72":2,"73":12,"74":2,"75":2,"76":2},"f":{"0":13,"1":19,"2":7,"3":12,"4":12,"5":3,"6":0,"7":5,"8":12,"9":8,"10":12,"11":8,"12":2},"b":{"0":[13,1],"1":[15],"2":[1,18],"3":[1,18],"4":[1,11],"5":[1,1],"6":[1,11],"7":[0,1],"8":[7,4],"9":[8,4],"10":[11,1],"11":[1,0],"12":[8,4],"13":[0,2],"14":[1,1],"15":[2,0],"16":[1,1],"17":[1,0]}}
,"C:\\Users\\MSI\\Desktop\\Primer Parcial Herramienta CASE\\Proyecto\\servidor\\src\\users\\users.controller.ts": {"path":"C:\\Users\\MSI\\Desktop\\Primer Parcial Herramienta CASE\\Proyecto\\servidor\\src\\users\\users.controller.ts","statementMap":{"0":{"start":{"line":1,"column":0},"end":{"line":1,"column":null}},"1":{"start":{"line":13,"column":0},"end":{"line":13,"column":61}},"2":{"start":{"line":15,"column":0},"end":{"line":15,"column":60}},"3":{"start":{"line":16,"column":0},"end":{"line":16,"column":47}},"4":{"start":{"line":21,"column":7},"end":{"line":45,"column":null}},"5":{"start":{"line":22,"column":31},"end":{"line":22,"column":45}},"6":{"start":{"line":27,"column":4},"end":{"line":27,"column":56}},"7":{"start":{"line":36,"column":4},"end":{"line":36,"column":59}},"8":{"start":{"line":43,"column":4},"end":{"line":43,"column":53}},"9":{"start":{"line":21,"column":13},"end":{"line":21,"column":28}},"10":{"start":{"line":26,"column":2},"end":{"line":28,"column":null}},"11":{"start":{"line":32,"column":2},"end":{"line":37,"column":null}},"12":{"start":{"line":42,"column":8},"end":{"line":44,"column":null}},"13":{"start":{"line":21,"column":13},"end":{"line":45,"column":null}}},"fnMap":{"0":{"name":"(anonymous_4)","decl":{"start":{"line":22,"column":2},"end":{"line":22,"column":31}},"loc":{"start":{"line":22,"column":57},"end":{"line":22,"column":61}}},"1":{"name":"(anonymous_5)","decl":{"start":{"line":26,"column":2},"end":{"line":26,"column":12}},"loc":{"start":{"line":26,"column":49},"end":{"line":28,"column":3}}},"2":{"name":"(anonymous_6)","decl":{"start":{"line":32,"column":2},"end":{"line":32,"column":15}},"loc":{"start":{"line":34,"column":33},"end":{"line":37,"column":3}}},"3":{"name":"(anonymous_7)","decl":{"start":{"line":42,"column":8},"end":{"line":42,"column":21}},"loc":{"start":{"line":42,"column":58},"end":{"line":44,"column":3}}}},"branchMap":{"0":{"loc":{"start":{"line":26,"column":29},"end":{"line":26,"column":52}},"type":"cond-expr","locations":[{"start":{"line":26,"column":49},"end":{"line":26,"column":52}},{"start":{"line":26,"column":49},"end":{"line":26,"column":52}}]},"1":{"loc":{"start":{"line":26,"column":29},"end":{"line":26,"column":49}},"type":"binary-expr","locations":[{"start":{"line":26,"column":29},"end":{"line":26,"column":52}},{"start":{"line":26,"column":29},"end":{"line":26,"column":49}}]},"2":{"loc":{"start":{"line":26,"column":52},"end":{"line":26,"column":null}},"type":"cond-expr","locations":[{"start":{"line":26,"column":59},"end":{"line":26,"column":null}},{"start":{"line":26,"column":59},"end":{"line":26,"column":null}}]},"3":{"loc":{"start":{"line":26,"column":52},"end":{"line":26,"column":59}},"type":"binary-expr","locations":[{"start":{"line":26,"column":52},"end":{"line":26,"column":null}},{"start":{"line":26,"column":52},"end":{"line":26,"column":59}}]},"4":{"loc":{"start":{"line":33,"column":20},"end":{"line":33,"column":null}},"type":"cond-expr","locations":[{"start":{"line":33,"column":40},"end":{"line":33,"column":null}},{"start":{"line":33,"column":40},"end":{"line":33,"column":null}}]},"5":{"loc":{"start":{"line":33,"column":20},"end":{"line":33,"column":40}},"type":"binary-expr","locations":[{"start":{"line":33,"column":20},"end":{"line":33,"column":null}},{"start":{"line":33,"column":20},"end":{"line":33,"column":40}}]},"6":{"loc":{"start":{"line":33,"column":40},"end":{"line":34,"column":null}},"type":"cond-expr","locations":[{"start":{"line":34,"column":33},"end":{"line":34,"column":null}},{"start":{"line":34,"column":33},"end":{"line":34,"column":null}}]},"7":{"loc":{"start":{"line":33,"column":40},"end":{"line":34,"column":33}},"type":"binary-expr","locations":[{"start":{"line":33,"column":40},"end":{"line":34,"column":null}},{"start":{"line":34,"column":17},"end":{"line":34,"column":33}}]},"8":{"loc":{"start":{"line":35,"column":5},"end":{"line":35,"column":null}},"type":"cond-expr","locations":[{"start":{"line":35,"column":12},"end":{"line":35,"column":null}},{"start":{"line":35,"column":12},"end":{"line":35,"column":null}}]},"9":{"loc":{"start":{"line":35,"column":5},"end":{"line":35,"column":12}},"type":"binary-expr","locations":[{"start":{"line":35,"column":5},"end":{"line":35,"column":null}},{"start":{"line":35,"column":5},"end":{"line":35,"column":12}}]},"10":{"loc":{"start":{"line":42,"column":38},"end":{"line":42,"column":61}},"type":"cond-expr","locations":[{"start":{"line":42,"column":58},"end":{"line":42,"column":61}},{"start":{"line":42,"column":58},"end":{"line":42,"column":61}}]},"11":{"loc":{"start":{"line":42,"column":38},"end":{"line":42,"column":58}},"type":"binary-expr","locations":[{"start":{"line":42,"column":38},"end":{"line":42,"column":61}},{"start":{"line":42,"column":38},"end":{"line":42,"column":58}}]},"12":{"loc":{"start":{"line":42,"column":61},"end":{"line":42,"column":null}},"type":"cond-expr","locations":[{"start":{"line":42,"column":68},"end":{"line":42,"column":null}},{"start":{"line":42,"column":68},"end":{"line":42,"column":null}}]},"13":{"loc":{"start":{"line":42,"column":61},"end":{"line":42,"column":68}},"type":"binary-expr","locations":[{"start":{"line":42,"column":61},"end":{"line":42,"column":null}},{"start":{"line":42,"column":61},"end":{"line":42,"column":68}}]},"14":{"loc":{"start":{"line":22,"column":45},"end":{"line":22,"column":60}},"type":"cond-expr","locations":[{"start":{"line":22,"column":57},"end":{"line":22,"column":60}},{"start":{"line":22,"column":57},"end":{"line":22,"column":60}}]},"15":{"loc":{"start":{"line":22,"column":45},"end":{"line":22,"column":57}},"type":"binary-expr","locations":[{"start":{"line":22,"column":45},"end":{"line":22,"column":60}},{"start":{"line":22,"column":45},"end":{"line":22,"column":57}}]}},"s":{"0":1,"1":1,"2":1,"3":1,"4":1,"5":3,"6":1,"7":1,"8":1,"9":1,"10":1,"11":1,"12":1,"13":1},"f":{"0":3,"1":1,"2":1,"3":1},"b":{"0":[0,1],"1":[1,0],"2":[1,0],"3":[1,1],"4":[0,1],"5":[1,0],"6":[1,0],"7":[1,1],"8":[1,0],"9":[1,1],"10":[0,1],"11":[1,0],"12":[1,0],"13":[1,1],"14":[1,0],"15":[1,1]}}
,"C:\\Users\\MSI\\Desktop\\Primer Parcial Herramienta CASE\\Proyecto\\servidor\\src\\users\\users.service.ts": {"path":"C:\\Users\\MSI\\Desktop\\Primer Parcial Herramienta CASE\\Proyecto\\servidor\\src\\users\\users.service.ts","statementMap":{"0":{"start":{"line":1,"column":0},"end":{"line":1,"column":null}},"1":{"start":{"line":7,"column":0},"end":{"line":7,"column":35}},"2":{"start":{"line":11,"column":0},"end":{"line":11,"column":null}},"3":{"start":{"line":18,"column":7},"end":{"line":75,"column":null}},"4":{"start":{"line":21,"column":21},"end":{"line":21,"column":53}},"5":{"start":{"line":25,"column":17},"end":{"line":25,"column":60}},"6":{"start":{"line":26,"column":4},"end":{"line":28,"column":5}},"7":{"start":{"line":27,"column":6},"end":{"line":27,"column":59}},"8":{"start":{"line":29,"column":4},"end":{"line":29,"column":37}},"9":{"start":{"line":36,"column":4},"end":{"line":43,"column":5}},"10":{"start":{"line":37,"column":27},"end":{"line":37,"column":76}},"11":{"start":{"line":38,"column":6},"end":{"line":42,"column":7}},"12":{"start":{"line":39,"column":8},"end":{"line":41,"column":10}},"13":{"start":{"line":45,"column":33},"end":{"line":45,"column":35}},"14":{"start":{"line":46,"column":4},"end":{"line":48,"column":5}},"15":{"start":{"line":47,"column":6},"end":{"line":47,"column":27}},"16":{"start":{"line":49,"column":4},"end":{"line":51,"column":5}},"17":{"start":{"line":50,"column":6},"end":{"line":50,"column":29}},"18":{"start":{"line":52,"column":4},"end":{"line":54,"column":5}},"19":{"start":{"line":53,"column":6},"end":{"line":53,"column":62}},"20":{"start":{"line":56,"column":17},"end":{"line":56,"column":64}},"21":{"start":{"line":57,"column":4},"end":{"line":59,"column":5}},"22":{"start":{"line":58,"column":6},"end":{"line":58,"column":59}},"23":{"start":{"line":60,"column":4},"end":{"line":60,"column":37}},"24":{"start":{"line":64,"column":4},"end":{"line":64,"column":46}},"25":{"start":{"line":68,"column":4},"end":{"line":73,"column":6}},"26":{"start":{"line":18,"column":13},"end":{"line":18,"column":25}},"27":{"start":{"line":18,"column":13},"end":{"line":75,"column":null}}},"fnMap":{"0":{"name":"(anonymous_13)","decl":{"start":{"line":19,"column":2},"end":{"line":19,"column":null}},"loc":{"start":{"line":21,"column":53},"end":{"line":22,"column":6}}},"1":{"name":"(anonymous_14)","decl":{"start":{"line":24,"column":2},"end":{"line":24,"column":7}},"loc":{"start":{"line":24,"column":31},"end":{"line":30,"column":3}}},"2":{"name":"(anonymous_15)","decl":{"start":{"line":32,"column":2},"end":{"line":32,"column":7}},"loc":{"start":{"line":34,"column":25},"end":{"line":61,"column":3}}},"3":{"name":"(anonymous_16)","decl":{"start":{"line":63,"column":2},"end":{"line":63,"column":7}},"loc":{"start":{"line":63,"column":29},"end":{"line":65,"column":3}}},"4":{"name":"(anonymous_17)","decl":{"start":{"line":67,"column":10},"end":{"line":67,"column":24}},"loc":{"start":{"line":67,"column":35},"end":{"line":74,"column":3}}}},"branchMap":{"0":{"loc":{"start":{"line":26,"column":4},"end":{"line":28,"column":5}},"type":"if","locations":[{"start":{"line":26,"column":4},"end":{"line":28,"column":5}},{"start":{},"end":{}}]},"1":{"loc":{"start":{"line":36,"column":4},"end":{"line":43,"column":5}},"type":"if","locations":[{"start":{"line":36,"column":4},"end":{"line":43,"column":5}},{"start":{},"end":{}}]},"2":{"loc":{"start":{"line":38,"column":6},"end":{"line":42,"column":7}},"type":"if","locations":[{"start":{"line":38,"column":6},"end":{"line":42,"column":7}},{"start":{},"end":{}}]},"3":{"loc":{"start":{"line":38,"column":10},"end":{"line":38,"column":52}},"type":"binary-expr","locations":[{"start":{"line":38,"column":10},"end":{"line":38,"column":22}},{"start":{"line":38,"column":26},"end":{"line":38,"column":52}}]},"4":{"loc":{"start":{"line":46,"column":4},"end":{"line":48,"column":5}},"type":"if","locations":[{"start":{"line":46,"column":4},"end":{"line":48,"column":5}},{"start":{},"end":{}}]},"5":{"loc":{"start":{"line":49,"column":4},"end":{"line":51,"column":5}},"type":"if","locations":[{"start":{"line":49,"column":4},"end":{"line":51,"column":5}},{"start":{},"end":{}}]},"6":{"loc":{"start":{"line":52,"column":4},"end":{"line":54,"column":5}},"type":"if","locations":[{"start":{"line":52,"column":4},"end":{"line":54,"column":5}},{"start":{},"end":{}}]},"7":{"loc":{"start":{"line":57,"column":4},"end":{"line":59,"column":5}},"type":"if","locations":[{"start":{"line":57,"column":4},"end":{"line":59,"column":5}},{"start":{},"end":{}}]}},"s":{"0":2,"1":2,"2":2,"3":2,"4":8,"5":2,"6":2,"7":1,"8":1,"9":5,"10":2,"11":2,"12":1,"13":4,"14":4,"15":2,"16":4,"17":1,"18":4,"19":1,"20":4,"21":4,"22":1,"23":3,"24":1,"25":4,"26":2,"27":2},"f":{"0":8,"1":2,"2":5,"3":1,"4":4},"b":{"0":[1,1],"1":[2,3],"2":[1,1],"3":[2,2],"4":[2,2],"5":[1,3],"6":[1,3],"7":[1,3]}}
,"C:\\Users\\MSI\\Desktop\\Primer Parcial Herramienta CASE\\Proyecto\\servidor\\src\\users\\repositories\\typeorm-users.repository.ts": {"path":"C:\\Users\\MSI\\Desktop\\Primer Parcial Herramienta CASE\\Proyecto\\servidor\\src\\users\\repositories\\typeorm-users.repository.ts","statementMap":{"0":{"start":{"line":1,"column":0},"end":{"line":1,"column":44}},"1":{"start":{"line":2,"column":0},"end":{"line":2,"column":51}},"2":{"start":{"line":3,"column":0},"end":{"line":3,"column":37}},"3":{"start":{"line":4,"column":0},"end":{"line":4,"column":47}},"4":{"start":{"line":12,"column":7},"end":{"line":50,"column":null}},"5":{"start":{"line":15,"column":21},"end":{"line":15,"column":33}},"6":{"start":{"line":19,"column":4},"end":{"line":19,"column":57}},"7":{"start":{"line":23,"column":4},"end":{"line":23,"column":54}},"8":{"start":{"line":27,"column":4},"end":{"line":29,"column":5}},"9":{"start":{"line":28,"column":6},"end":{"line":28,"column":16}},"10":{"start":{"line":30,"column":4},"end":{"line":30,"column":70}},"11":{"start":{"line":30,"column":58},"end":{"line":30,"column":64}},"12":{"start":{"line":34,"column":17},"end":{"line":34,"column":45}},"13":{"start":{"line":35,"column":4},"end":{"line":35,"column":38}},"14":{"start":{"line":39,"column":17},"end":{"line":39,"column":40}},"15":{"start":{"line":40,"column":4},"end":{"line":42,"column":5}},"16":{"start":{"line":41,"column":6},"end":{"line":41,"column":18}},"17":{"start":{"line":43,"column":4},"end":{"line":43,"column":30}},"18":{"start":{"line":44,"column":4},"end":{"line":44,"column":38}},"19":{"start":{"line":48,"column":4},"end":{"line":48,"column":37}},"20":{"start":{"line":12,"column":13},"end":{"line":12,"column":35}},"21":{"start":{"line":12,"column":13},"end":{"line":50,"column":null}}},"fnMap":{"0":{"name":"(anonymous_4)","decl":{"start":{"line":13,"column":2},"end":{"line":13,"column":null}},"loc":{"start":{"line":15,"column":49},"end":{"line":16,"column":6}}},"1":{"name":"(anonymous_5)","decl":{"start":{"line":18,"column":2},"end":{"line":18,"column":13}},"loc":{"start":{"line":18,"column":27},"end":{"line":20,"column":3}}},"2":{"name":"(anonymous_6)","decl":{"start":{"line":22,"column":2},"end":{"line":22,"column":10}},"loc":{"start":{"line":22,"column":21},"end":{"line":24,"column":3}}},"3":{"name":"(anonymous_7)","decl":{"start":{"line":26,"column":2},"end":{"line":26,"column":7}},"loc":{"start":{"line":26,"column":35},"end":{"line":31,"column":3}}},"4":{"name":"(anonymous_8)","decl":{"start":{"line":30,"column":49},"end":{"line":30,"column":50}},"loc":{"start":{"line":30,"column":58},"end":{"line":30,"column":64}}},"5":{"name":"(anonymous_9)","decl":{"start":{"line":33,"column":2},"end":{"line":33,"column":7}},"loc":{"start":{"line":33,"column":44},"end":{"line":36,"column":3}}},"6":{"name":"(anonymous_10)","decl":{"start":{"line":38,"column":2},"end":{"line":38,"column":7}},"loc":{"start":{"line":38,"column":47},"end":{"line":45,"column":3}}},"7":{"name":"(anonymous_11)","decl":{"start":{"line":47,"column":2},"end":{"line":47,"column":7}},"loc":{"start":{"line":47,"column":25},"end":{"line":49,"column":3}}}},"branchMap":{"0":{"loc":{"start":{"line":27,"column":4},"end":{"line":29,"column":5}},"type":"if","locations":[{"start":{"line":27,"column":4},"end":{"line":29,"column":5}},{"start":{},"end":{}}]},"1":{"loc":{"start":{"line":40,"column":4},"end":{"line":42,"column":5}},"type":"if","locations":[{"start":{"line":40,"column":4},"end":{"line":42,"column":5}},{"start":{},"end":{}}]},"2":{"loc":{"start":{"line":15,"column":33},"end":{"line":15,"column":49}},"type":"cond-expr","locations":[{"start":{"line":15,"column":43},"end":{"line":15,"column":49}},{"start":{"line":15,"column":43},"end":{"line":15,"column":49}}]},"3":{"loc":{"start":{"line":15,"column":33},"end":{"line":15,"column":43}},"type":"binary-expr","locations":[{"start":{"line":15,"column":33},"end":{"line":15,"column":49}},{"start":{"line":15,"column":33},"end":{"line":15,"column":43}}]}},"s":{"0":1,"1":1,"2":1,"3":1,"4":1,"5":10,"6":2,"7":4,"8":2,"9":1,"10":1,"11":2,"12":1,"13":1,"14":2,"15":2,"16":1,"17":1,"18":1,"19":1,"20":1,"21":1},"f":{"0":10,"1":2,"2":4,"3":2,"4":2,"5":1,"6":2,"7":1},"b":{"0":[1,1],"1":[1,1],"2":[1,0],"3":[1,1]}}
}
