TN:
SF:src\ai\ai-assistant.service.ts
FN:11,(anonymous_2)
FN:18,(anonymous_3)
FN:39,(anonymous_4)
FN:48,(anonymous_5)
FNF:4
FNH:4
FNDA:3,(anonymous_2)
FNDA:3,(anonymous_3)
FNDA:1,(anonymous_4)
FNDA:2,(anonymous_5)
DA:1,1
DA:3,1
DA:5,1
DA:6,1
DA:7,1
DA:10,1
DA:12,3
DA:13,3
DA:14,3
DA:15,3
DA:23,3
DA:24,1
DA:26,2
DA:27,2
DA:30,2
DA:35,2
DA:36,2
DA:44,1
DA:45,1
DA:49,2
DA:50,0
DA:52,2
DA:53,2
DA:57,0
DA:59,2
LF:25
LH:23
BRDA:23,0,0,1
BRDA:23,0,1,2
BRDA:23,1,0,3
BRDA:23,1,1,3
BRDA:49,2,0,0
BRDA:49,2,1,2
BRDA:49,3,0,2
BRDA:49,3,1,2
BRDA:53,4,0,0
BRDA:53,4,1,2
BRDA:54,5,0,2
BRDA:54,5,1,2
BRDA:12,6,0,1
BRDA:12,6,1,0
BRDA:12,7,0,1
BRDA:12,7,1,1
BRDA:12,8,0,1
BRDA:12,8,1,0
BRDA:12,9,0,1
BRDA:12,9,1,1
BRDA:13,10,0,1
BRDA:13,10,1,0
BRDA:13,11,0,1
BRDA:13,11,1,1
BRDA:14,12,0,1
BRDA:14,12,1,0
BRDA:14,13,0,1
BRDA:14,13,1,1
BRF:28
BRH:22
end_of_record
TN:
SF:src\ai\ai.controller.ts
FN:23,(anonymous_4)
FN:30,(anonymous_5)
FN:45,(anonymous_6)
FN:61,(anonymous_7)
FN:65,(anonymous_8)
FNF:5
FNH:0
FNDA:0,(anonymous_4)
FNDA:0,(anonymous_5)
FNDA:0,(anonymous_6)
FNDA:0,(anonymous_7)
FNDA:0,(anonymous_8)
DA:1,0
DA:12,0
DA:15,0
DA:16,0
DA:17,0
DA:22,0
DA:24,0
DA:25,0
DA:30,0
DA:35,0
DA:45,0
DA:51,0
DA:60,0
DA:61,0
DA:65,0
DA:66,0
LF:16
LH:0
BRDA:38,0,0,0
BRDA:38,0,1,0
BRDA:31,1,0,0
BRDA:31,1,1,0
BRDA:31,2,0,0
BRDA:31,2,1,0
BRDA:46,3,0,0
BRDA:46,3,1,0
BRDA:46,4,0,0
BRDA:46,4,1,0
BRDA:24,5,0,0
BRDA:24,5,1,0
BRDA:24,6,0,0
BRDA:24,6,1,0
BRDA:24,7,0,0
BRDA:24,7,1,0
BRDA:24,8,0,0
BRDA:24,8,1,0
BRDA:61,9,0,0
BRDA:61,9,1,0
BRDA:61,10,0,0
BRDA:61,10,1,0
BRF:22
BRH:0
end_of_record
TN:
SF:src\ai\audio-transcription.service.ts
FN:16,(anonymous_1)
FN:45,(anonymous_2)
FNF:2
FNH:0
FNDA:0,(anonymous_1)
FNDA:0,(anonymous_2)
DA:1,1
DA:15,1
DA:17,0
DA:18,0
DA:20,0
DA:21,0
DA:25,0
DA:26,0
DA:30,0
DA:31,0
DA:32,0
DA:34,0
DA:35,0
DA:36,0
DA:37,0
DA:42,0
DA:45,0
DA:46,0
DA:47,0
DA:51,0
DA:55,0
DA:56,0
DA:57,0
DA:61,0
LF:24
LH:2
BRDA:17,0,0,0
BRDA:17,0,1,0
BRDA:20,1,0,0
BRDA:20,1,1,0
BRDA:25,2,0,0
BRDA:25,2,1,0
BRDA:31,3,0,0
BRDA:31,3,1,0
BRDA:46,4,0,0
BRDA:46,4,1,0
BRDA:55,5,0,0
BRDA:55,5,1,0
BRDA:56,6,0,0
BRDA:56,6,1,0
BRF:14
BRH:0
end_of_record
TN:
SF:src\ai\ollama.service.ts
FN:14,(anonymous_1)
FN:17,(anonymous_2)
FN:19,(anonymous_3)
FN:27,(anonymous_4)
FN:41,(anonymous_5)
FN:53,(anonymous_6)
FN:78,(anonymous_7)
FN:103,(anonymous_8)
FN:116,(anonymous_9)
FN:117,(anonymous_10)
FN:121,(anonymous_11)
FN:130,(anonymous_12)
FN:152,(anonymous_13)
FN:191,(anonymous_14)
FNF:14
FNH:4
FNDA:2,(anonymous_1)
FNDA:2,(anonymous_2)
FNDA:2,(anonymous_3)
FNDA:0,(anonymous_4)
FNDA:1,(anonymous_5)
FNDA:0,(anonymous_6)
FNDA:0,(anonymous_7)
FNDA:0,(anonymous_8)
FNDA:0,(anonymous_9)
FNDA:0,(anonymous_10)
FNDA:0,(anonymous_11)
FNDA:0,(anonymous_12)
FNDA:0,(anonymous_13)
FNDA:0,(anonymous_14)
DA:1,2
DA:13,2
DA:14,2
DA:15,2
DA:17,2
DA:25,2
DA:26,2
DA:27,0
DA:29,2
DA:30,1
DA:37,1
DA:40,1
DA:41,1
DA:43,1
DA:57,0
DA:58,0
DA:78,0
DA:80,0
DA:81,0
DA:87,0
DA:88,0
DA:89,0
DA:90,0
DA:94,0
DA:95,0
DA:97,0
DA:104,0
DA:105,0
DA:109,0
DA:113,0
DA:114,0
DA:116,0
DA:117,0
DA:118,0
DA:122,0
DA:123,0
DA:125,0
DA:126,0
DA:127,0
DA:129,0
DA:131,0
DA:132,0
DA:136,0
DA:137,0
DA:138,0
DA:143,0
DA:148,0
DA:151,0
DA:153,0
DA:154,0
DA:156,0
DA:157,0
DA:158,0
DA:163,0
DA:168,0
DA:174,0
DA:179,0
DA:182,0
DA:192,0
DA:193,0
DA:195,0
DA:196,0
DA:197,0
DA:199,0
DA:202,0
DA:207,0
DA:208,0
DA:209,0
DA:210,0
DA:211,0
DA:212,0
DA:213,0
DA:214,0
DA:215,0
DA:216,0
DA:217,0
LF:76
LH:13
BRDA:15,0,0,2
BRDA:15,0,1,2
BRDA:17,1,0,2
BRDA:17,1,1,1
BRDA:29,2,0,1
BRDA:29,2,1,1
BRDA:41,3,0,1
BRDA:41,3,1,0
BRDA:47,4,0,1
BRDA:47,4,1,0
BRDA:80,5,0,0
BRDA:80,5,1,0
BRDA:82,6,0,0
BRDA:82,6,1,0
BRDA:89,7,0,0
BRDA:89,7,1,0
BRDA:104,8,0,0
BRDA:104,8,1,0
BRDA:104,9,0,0
BRDA:104,9,1,0
BRDA:113,10,0,0
BRDA:113,10,1,0
BRDA:113,11,0,0
BRDA:113,11,1,0
BRDA:122,12,0,0
BRDA:122,12,1,0
BRDA:122,13,0,0
BRDA:122,13,1,0
BRDA:126,14,0,0
BRDA:126,14,1,0
BRDA:129,15,0,0
BRDA:129,15,1,0
BRDA:131,16,0,0
BRDA:131,16,1,0
BRDA:131,17,0,0
BRDA:131,17,1,0
BRDA:137,18,0,0
BRDA:137,18,1,0
BRDA:137,19,0,0
BRDA:137,19,1,0
BRDA:143,20,0,0
BRDA:143,20,1,0
BRDA:143,21,0,0
BRDA:143,21,1,0
BRDA:143,21,2,0
BRDA:151,22,0,0
BRDA:151,22,1,0
BRDA:153,23,0,0
BRDA:153,23,1,0
BRDA:153,24,0,0
BRDA:153,24,1,0
BRDA:157,25,0,0
BRDA:157,25,1,0
BRDA:163,26,0,0
BRDA:163,26,1,0
BRDA:163,27,0,0
BRDA:163,27,1,0
BRDA:163,27,2,0
BRDA:168,28,0,0
BRDA:168,28,1,0
BRDA:170,29,0,0
BRDA:170,29,1,0
BRDA:174,30,0,0
BRDA:174,30,1,0
BRDA:176,31,0,0
BRDA:176,31,1,0
BRDA:186,32,0,0
BRDA:186,32,1,0
BRDA:187,33,0,0
BRDA:187,33,1,0
BRDA:192,34,0,0
BRDA:192,34,1,0
BRDA:192,35,0,0
BRDA:192,35,1,0
BRDA:196,36,0,0
BRDA:196,36,1,0
BRDA:196,37,0,0
BRDA:196,37,1,0
BRDA:200,38,0,0
BRDA:200,38,1,0
BRDA:207,39,0,0
BRDA:207,39,1,0
BRDA:208,40,0,0
BRDA:208,40,1,0
BRDA:208,41,0,0
BRDA:208,41,1,0
BRDA:210,42,0,0
BRDA:210,42,1,0
BRDA:211,43,0,0
BRDA:211,43,1,0
BRDA:211,44,0,0
BRDA:211,44,1,0
BRDA:213,45,0,0
BRDA:213,45,1,0
BRDA:215,46,0,0
BRDA:215,46,1,0
BRF:96
BRH:8
end_of_record
TN:
SF:src\auth\auth.controller.ts
FN:10,(anonymous_4)
FN:14,(anonymous_5)
FN:20,(anonymous_6)
FNF:3
FNH:3
FNDA:2,(anonymous_4)
FNDA:1,(anonymous_5)
FNDA:1,(anonymous_6)
DA:1,1
DA:3,1
DA:5,1
DA:6,1
DA:9,1
DA:10,2
DA:14,1
DA:15,1
DA:20,1
DA:21,1
LF:10
LH:10
BRDA:14,0,0,1
BRDA:14,0,1,0
BRDA:14,1,0,1
BRDA:14,1,1,1
BRDA:14,2,0,1
BRDA:14,2,1,0
BRDA:14,3,0,1
BRDA:14,3,1,1
BRDA:20,4,0,1
BRDA:20,4,1,0
BRDA:20,5,0,1
BRDA:20,5,1,1
BRDA:20,6,0,1
BRDA:20,6,1,0
BRDA:20,7,0,1
BRDA:20,7,1,1
BRDA:10,8,0,1
BRDA:10,8,1,0
BRDA:10,9,0,1
BRDA:10,9,1,1
BRF:20
BRH:15
end_of_record
TN:
SF:src\auth\auth.service.ts
FN:22,(anonymous_13)
FN:28,(anonymous_14)
FN:46,(anonymous_15)
FN:69,(anonymous_16)
FNF:4
FNH:4
FNDA:5,(anonymous_13)
FNDA:2,(anonymous_14)
FNDA:3,(anonymous_15)
FNDA:2,(anonymous_16)
DA:1,2
DA:7,2
DA:8,2
DA:15,2
DA:21,2
DA:24,5
DA:25,5
DA:29,2
DA:30,2
DA:31,1
DA:36,1
DA:37,1
DA:43,1
DA:47,3
DA:48,3
DA:49,1
DA:52,2
DA:56,2
DA:57,1
DA:60,1
DA:61,1
DA:63,1
DA:70,2
LF:23
LH:23
BRDA:30,0,0,1
BRDA:30,0,1,1
BRDA:48,1,0,1
BRDA:48,1,1,2
BRDA:56,2,0,1
BRDA:56,2,1,1
BRDA:25,3,0,2
BRDA:25,3,1,0
BRDA:25,4,0,2
BRDA:25,4,1,2
BRF:10
BRH:9
end_of_record
TN:
SF:src\projects\invitations.controller.ts
FN:19,(anonymous_4)
FN:23,(anonymous_5)
FN:30,(anonymous_6)
FN:41,(anonymous_7)
FNF:4
FNH:4
FNDA:3,(anonymous_4)
FNDA:1,(anonymous_5)
FNDA:1,(anonymous_6)
FNDA:1,(anonymous_7)
DA:1,1
DA:12,1
DA:13,1
DA:18,1
DA:19,3
DA:23,1
DA:24,1
DA:30,1
DA:34,1
DA:35,1
DA:41,1
DA:45,1
DA:46,1
LF:13
LH:13
BRDA:23,0,0,0
BRDA:23,0,1,1
BRDA:23,1,0,1
BRDA:23,1,1,0
BRDA:31,2,0,0
BRDA:31,2,1,1
BRDA:31,3,0,1
BRDA:31,3,1,0
BRDA:33,4,0,1
BRDA:33,4,1,0
BRDA:33,5,0,1
BRDA:33,5,1,1
BRDA:42,6,0,0
BRDA:42,6,1,1
BRDA:42,7,0,1
BRDA:42,7,1,0
BRDA:44,8,0,1
BRDA:44,8,1,0
BRDA:44,9,0,1
BRDA:44,9,1,1
BRDA:19,10,0,1
BRDA:19,10,1,0
BRDA:19,11,0,1
BRDA:19,11,1,1
BRF:24
BRH:15
end_of_record
TN:
SF:src\projects\invitations.service.ts
FN:25,(anonymous_4)
FN:36,(anonymous_5)
FN:44,(anonymous_6)
FN:60,(anonymous_7)
FN:63,(anonymous_8)
FN:66,(anonymous_9)
FN:67,(anonymous_10)
FN:78,(anonymous_11)
FN:98,(anonymous_12)
FN:121,(anonymous_13)
FNF:10
FNH:10
FNDA:11,(anonymous_4)
FNDA:11,(anonymous_5)
FNDA:3,(anonymous_6)
FNDA:2,(anonymous_7)
FNDA:1,(anonymous_8)
FNDA:2,(anonymous_9)
FNDA:1,(anonymous_10)
FNDA:8,(anonymous_11)
FNDA:5,(anonymous_12)
FNDA:3,(anonymous_13)
DA:1,2
DA:9,2
DA:11,2
DA:16,2
DA:18,2
DA:20,2
DA:24,2
DA:27,11
DA:29,11
DA:31,11
DA:33,11
DA:37,11
DA:38,11
DA:39,1
DA:41,10
DA:55,3
DA:56,2
DA:59,2
DA:60,2
DA:62,2
DA:63,1
DA:65,2
DA:66,2
DA:67,1
DA:82,8
DA:83,8
DA:84,8
DA:85,2
DA:87,6
DA:88,2
DA:90,4
DA:91,1
DA:95,3
DA:99,5
DA:103,2
DA:107,2
DA:108,1
DA:110,1
DA:114,1
DA:122,3
DA:126,1
LF:41
LH:41
BRDA:38,0,0,1
BRDA:38,0,1,10
BRDA:84,1,0,2
BRDA:84,1,1,6
BRDA:87,2,0,2
BRDA:87,2,1,4
BRDA:90,3,0,1
BRDA:90,3,1,3
BRDA:107,4,0,1
BRDA:107,4,1,1
BRF:10
BRH:10
end_of_record
TN:
SF:src\projects\project-members.controller.ts
FN:34,(anonymous_4)
FN:38,(anonymous_5)
FN:53,(anonymous_6)
FN:63,(anonymous_7)
FN:81,(anonymous_8)
FNF:5
FNH:5
FNDA:4,(anonymous_4)
FNDA:1,(anonymous_5)
FNDA:1,(anonymous_6)
FNDA:1,(anonymous_7)
FNDA:1,(anonymous_8)
DA:1,1
DA:15,1
DA:16,1
DA:17,1
DA:20,1
DA:33,1
DA:34,4
DA:38,1
DA:43,1
DA:53,1
DA:57,1
DA:63,1
DA:69,1
DA:75,1
DA:81,1
DA:86,1
DA:91,1
LF:17
LH:17
BRDA:39,0,0,0
BRDA:39,0,1,1
BRDA:39,1,0,1
BRDA:39,1,1,0
BRDA:39,2,0,1
BRDA:39,2,1,0
BRDA:39,3,0,1
BRDA:39,3,1,1
BRDA:42,4,0,1
BRDA:42,4,1,0
BRDA:42,5,0,1
BRDA:42,5,1,1
BRDA:54,6,0,0
BRDA:54,6,1,1
BRDA:54,7,0,1
BRDA:54,7,1,0
BRDA:56,8,0,1
BRDA:56,8,1,0
BRDA:56,9,0,1
BRDA:56,9,1,1
BRDA:64,10,0,0
BRDA:64,10,1,1
BRDA:64,11,0,1
BRDA:64,11,1,0
BRDA:64,12,0,1
BRDA:64,12,1,0
BRDA:64,13,0,1
BRDA:64,13,1,1
BRDA:68,14,0,1
BRDA:68,14,1,0
BRDA:68,15,0,1
BRDA:68,15,1,1
BRDA:82,16,0,0
BRDA:82,16,1,1
BRDA:82,17,0,1
BRDA:82,17,1,0
BRDA:85,18,0,1
BRDA:85,18,1,0
BRDA:85,19,0,1
BRDA:85,19,1,1
BRDA:34,20,0,1
BRDA:34,20,1,0
BRDA:34,21,0,1
BRDA:34,21,1,1
BRF:44
BRH:29
end_of_record
TN:
SF:src\projects\project-members.service.ts
FN:24,(anonymous_4)
FN:31,(anonymous_5)
FN:43,(anonymous_6)
FN:55,(anonymous_7)
FN:61,(anonymous_8)
FN:113,(anonymous_9)
FN:133,(anonymous_10)
FN:135,(anonymous_11)
FN:156,(anonymous_12)
FN:190,(anonymous_13)
FNF:10
FNH:10
FNDA:3,(anonymous_4)
FNDA:19,(anonymous_5)
FNDA:15,(anonymous_6)
FNDA:15,(anonymous_7)
FNDA:7,(anonymous_8)
FNDA:4,(anonymous_9)
FNDA:3,(anonymous_10)
FNDA:2,(anonymous_11)
FNDA:4,(anonymous_12)
FNDA:4,(anonymous_13)
DA:1,2
DA:9,2
DA:11,2
DA:15,2
DA:17,2
DA:19,2
DA:21,2
DA:22,2
DA:24,2
DA:25,3
DA:30,2
DA:33,19
DA:35,19
DA:37,19
DA:39,19
DA:40,19
DA:47,15
DA:48,1
DA:50,14
DA:51,1
DA:56,15
DA:57,15
DA:58,13
DA:73,7
DA:74,5
DA:75,5
DA:76,1
DA:78,4
DA:79,1
DA:81,3
DA:85,3
DA:86,2
DA:89,1
DA:93,1
DA:94,0
DA:98,1
DA:104,1
DA:119,4
DA:120,4
DA:121,1
DA:123,3
DA:127,1
DA:131,2
DA:132,2
DA:133,3
DA:135,2
DA:141,2
DA:142,2
DA:143,3
DA:144,3
DA:145,2
DA:153,2
DA:162,4
DA:163,4
DA:164,1
DA:166,3
DA:170,3
DA:171,1
DA:173,2
DA:174,1
DA:178,1
DA:183,1
DA:195,4
DA:196,4
DA:197,1
DA:199,3
DA:203,3
DA:204,1
DA:206,2
DA:207,1
DA:209,1
DA:210,1
LF:72
LH:71
BRDA:25,0,0,3
BRDA:25,0,1,0
BRDA:47,1,0,1
BRDA:47,1,1,14
BRDA:50,2,0,1
BRDA:50,2,1,13
BRDA:75,3,0,1
BRDA:75,3,1,4
BRDA:78,4,0,1
BRDA:78,4,1,3
BRDA:85,5,0,2
BRDA:85,5,1,1
BRDA:93,6,0,0
BRDA:93,6,1,1
BRDA:120,7,0,1
BRDA:120,7,1,3
BRDA:123,8,0,1
BRDA:123,8,1,2
BRDA:124,9,0,3
BRDA:124,9,1,1
BRDA:144,10,0,2
BRDA:144,10,1,1
BRDA:163,11,0,1
BRDA:163,11,1,3
BRDA:170,12,0,1
BRDA:170,12,1,2
BRDA:173,13,0,1
BRDA:173,13,1,1
BRDA:196,14,0,1
BRDA:196,14,1,3
BRDA:203,15,0,1
BRDA:203,15,1,2
BRDA:206,16,0,1
BRDA:206,16,1,1
BRDA:40,17,0,2
BRDA:40,17,1,0
BRDA:40,18,0,2
BRDA:40,18,1,2
BRF:38
BRH:35
end_of_record
TN:
SF:src\projects\projects.controller.ts
FN:27,(anonymous_4)
FN:31,(anonymous_5)
FN:44,(anonymous_6)
FN:50,(anonymous_7)
FN:60,(anonymous_8)
FNF:5
FNH:5
FNDA:5,(anonymous_4)
FNDA:2,(anonymous_5)
FNDA:1,(anonymous_6)
FNDA:1,(anonymous_7)
FNDA:1,(anonymous_8)
DA:1,1
DA:14,1
DA:15,1
DA:21,1
DA:26,1
DA:27,5
DA:31,1
DA:35,2
DA:44,1
DA:45,1
DA:50,1
DA:54,1
DA:60,1
DA:64,1
DA:65,1
LF:15
LH:15
BRDA:38,0,0,2
BRDA:38,0,1,1
BRDA:32,1,0,0
BRDA:32,1,1,1
BRDA:32,2,0,1
BRDA:32,2,1,0
BRDA:32,3,0,1
BRDA:32,3,1,0
BRDA:32,4,0,1
BRDA:32,4,1,1
BRDA:34,5,0,1
BRDA:34,5,1,0
BRDA:34,6,0,1
BRDA:34,6,1,1
BRDA:44,7,0,0
BRDA:44,7,1,1
BRDA:44,8,0,1
BRDA:44,8,1,0
BRDA:44,9,0,1
BRDA:44,9,1,0
BRDA:44,10,0,1
BRDA:44,10,1,1
BRDA:51,11,0,0
BRDA:51,11,1,1
BRDA:51,12,0,1
BRDA:51,12,1,0
BRDA:53,13,0,1
BRDA:53,13,1,0
BRDA:53,14,0,1
BRDA:53,14,1,1
BRDA:61,15,0,0
BRDA:61,15,1,1
BRDA:61,16,0,1
BRDA:61,16,1,0
BRDA:63,17,0,1
BRDA:63,17,1,0
BRDA:63,18,0,1
BRDA:63,18,1,1
BRDA:27,19,0,1
BRDA:27,19,1,0
BRDA:27,20,0,1
BRDA:27,20,1,1
BRF:42
BRH:28
end_of_record
TN:
SF:src\projects\projects.gateway.ts
FN:20,(anonymous_4)
FN:21,(anonymous_5)
FN:52,(anonymous_6)
FN:58,(anonymous_7)
FN:62,(anonymous_8)
FN:78,(anonymous_9)
FN:103,(anonymous_10)
FN:112,(anonymous_11)
FN:123,(anonymous_12)
FN:125,(anonymous_13)
FN:136,(anonymous_14)
FNF:11
FNH:10
FNDA:4,(anonymous_4)
FNDA:3,(anonymous_5)
FNDA:11,(anonymous_6)
FNDA:3,(anonymous_7)
FNDA:3,(anonymous_8)
FNDA:3,(anonymous_9)
FNDA:0,(anonymous_10)
FNDA:1,(anonymous_11)
FNDA:2,(anonymous_12)
FNDA:2,(anonymous_13)
FNDA:2,(anonymous_14)
DA:1,5
DA:2,5
DA:3,5
DA:11,5
DA:14,5
DA:16,5
DA:18,5
DA:20,5
DA:21,5
DA:23,5
DA:48,5
DA:50,5
DA:53,11
DA:55,11
DA:59,3
DA:63,3
DA:64,3
DA:65,2
DA:66,2
DA:68,1
DA:69,1
DA:70,1
DA:71,1
DA:73,0
DA:78,5
DA:82,3
DA:83,3
DA:84,0
DA:86,3
DA:87,1
DA:89,2
DA:90,2
DA:91,1
DA:93,1
DA:94,1
DA:99,1
DA:103,5
DA:107,0
DA:108,0
DA:117,1
DA:118,1
DA:124,2
DA:125,2
DA:127,2
DA:128,2
DA:131,2
DA:132,1
DA:137,2
DA:138,2
DA:139,2
DA:140,2
DA:141,3
DA:142,1
LF:53
LH:49
BRDA:59,0,0,3
BRDA:59,0,1,0
BRDA:64,1,0,2
BRDA:64,1,1,1
BRDA:64,2,0,3
BRDA:64,2,1,1
BRDA:83,3,0,0
BRDA:83,3,1,3
BRDA:86,4,0,1
BRDA:86,4,1,2
BRDA:86,5,0,3
BRDA:86,5,1,2
BRDA:90,6,0,1
BRDA:90,6,1,1
BRDA:107,7,0,0
BRDA:107,7,1,0
BRDA:107,8,0,0
BRDA:107,8,1,0
BRDA:141,9,0,1
BRDA:141,9,1,2
BRDA:50,10,0,5
BRDA:50,10,1,0
BRDA:50,11,0,5
BRDA:50,11,1,5
BRDA:79,12,0,5
BRDA:79,12,1,0
BRDA:79,13,0,5
BRDA:79,13,1,5
BRDA:81,14,0,5
BRDA:81,14,1,0
BRDA:81,15,0,5
BRDA:81,15,1,5
BRDA:104,16,0,5
BRDA:104,16,1,0
BRDA:104,17,0,5
BRDA:104,17,1,5
BRDA:53,18,0,5
BRDA:53,18,1,0
BRDA:53,19,0,5
BRDA:53,19,1,5
BRF:40
BRH:29
end_of_record
TN:
SF:src\projects\projects.service.ts
FN:20,(anonymous_4)
FN:32,(anonymous_5)
FN:62,(anonymous_6)
FN:73,(anonymous_7)
FN:75,(anonymous_8)
FN:77,(anonymous_9)
FN:91,(anonymous_10)
FN:101,(anonymous_11)
FN:104,(anonymous_12)
FN:118,(anonymous_13)
FN:143,(anonymous_14)
FNF:11
FNH:11
FNDA:11,(anonymous_4)
FNDA:2,(anonymous_5)
FNDA:2,(anonymous_6)
FNDA:3,(anonymous_7)
FNDA:2,(anonymous_8)
FNDA:3,(anonymous_9)
FNDA:3,(anonymous_10)
FNDA:1,(anonymous_11)
FNDA:7,(anonymous_12)
FNDA:3,(anonymous_13)
FNDA:4,(anonymous_14)
DA:1,2
DA:7,2
DA:9,2
DA:10,2
DA:12,2
DA:14,2
DA:16,2
DA:19,2
DA:22,11
DA:24,11
DA:26,11
DA:28,11
DA:29,11
DA:43,2
DA:48,2
DA:53,2
DA:71,2
DA:72,2
DA:73,3
DA:75,2
DA:76,2
DA:78,3
DA:79,3
DA:80,1
DA:82,2
DA:99,3
DA:101,1
DA:105,7
DA:109,7
DA:110,2
DA:112,5
DA:113,2
DA:115,3
DA:129,3
DA:133,1
DA:144,4
DA:145,2
DA:146,1
DA:150,1
DA:151,1
DA:152,1
DA:153,1
DA:154,1
LF:43
LH:43
BRDA:79,0,0,1
BRDA:79,0,1,2
BRDA:109,1,0,2
BRDA:109,1,1,5
BRDA:112,2,0,2
BRDA:112,2,1,3
BRDA:145,3,0,1
BRDA:145,3,1,1
BRDA:29,4,0,2
BRDA:29,4,1,0
BRDA:29,5,0,2
BRDA:29,5,1,2
BRF:12
BRH:11
end_of_record
TN:
SF:src\projects\repositories\typeorm-project-invitations.repository.ts
FN:15,(anonymous_4)
FN:20,(anonymous_5)
FN:27,(anonymous_6)
FN:31,(anonymous_7)
FN:41,(anonymous_8)
FN:54,(anonymous_9)
FN:66,(anonymous_10)
FNF:7
FNH:7
FNDA:7,(anonymous_4)
FNDA:1,(anonymous_5)
FNDA:3,(anonymous_6)
FNDA:1,(anonymous_7)
FNDA:1,(anonymous_8)
FNDA:2,(anonymous_9)
FNDA:1,(anonymous_10)
DA:1,1
DA:2,1
DA:3,1
DA:4,1
DA:14,1
DA:17,7
DA:23,1
DA:24,1
DA:28,3
DA:32,1
DA:45,1
DA:58,2
DA:59,2
DA:60,1
DA:62,1
DA:63,1
DA:67,1
LF:17
LH:17
BRDA:59,0,0,1
BRDA:59,0,1,1
BRDA:17,1,0,1
BRDA:17,1,1,0
BRDA:17,2,0,1
BRDA:17,2,1,1
BRF:6
BRH:5
end_of_record
TN:
SF:src\projects\repositories\typeorm-project-members.repository.ts
FN:12,(anonymous_4)
FN:17,(anonymous_5)
FN:26,(anonymous_6)
FN:30,(anonymous_7)
FN:34,(anonymous_8)
FN:38,(anonymous_9)
FN:51,(anonymous_10)
FN:55,(anonymous_11)
FNF:8
FNH:8
FNDA:7,(anonymous_4)
FNDA:1,(anonymous_5)
FNDA:3,(anonymous_6)
FNDA:1,(anonymous_7)
FNDA:1,(anonymous_8)
FNDA:2,(anonymous_9)
FNDA:1,(anonymous_10)
FNDA:1,(anonymous_11)
DA:1,1
DA:2,1
DA:3,1
DA:4,1
DA:11,1
DA:14,7
DA:22,1
DA:23,1
DA:27,3
DA:31,1
DA:35,1
DA:43,2
DA:44,2
DA:45,1
DA:47,1
DA:48,1
DA:52,1
DA:56,1
LF:18
LH:18
BRDA:44,0,0,1
BRDA:44,0,1,1
BRDA:14,1,0,1
BRDA:14,1,1,0
BRDA:14,2,0,1
BRDA:14,2,1,1
BRF:6
BRH:5
end_of_record
TN:
SF:src\projects\repositories\typeorm-projects.repository.ts
FN:12,(anonymous_4)
FN:17,(anonymous_5)
FN:22,(anonymous_6)
FN:26,(anonymous_7)
FN:30,(anonymous_8)
FN:33,(anonymous_9)
FNF:6
FNH:6
FNDA:5,(anonymous_4)
FNDA:1,(anonymous_5)
FNDA:1,(anonymous_6)
FNDA:2,(anonymous_7)
FNDA:2,(anonymous_8)
FNDA:1,(anonymous_9)
DA:1,1
DA:2,1
DA:3,1
DA:4,1
DA:11,1
DA:14,5
DA:18,1
DA:19,1
DA:23,1
DA:27,2
DA:28,1
DA:30,2
DA:34,1
LF:13
LH:13
BRDA:27,0,0,1
BRDA:27,0,1,1
BRDA:14,1,0,1
BRDA:14,1,1,0
BRDA:14,2,0,1
BRDA:14,2,1,1
BRF:6
BRH:5
end_of_record
TN:
SF:src\uml\uml-diagram.service.ts
FN:99,(anonymous_4)
FN:106,(anonymous_5)
FN:124,(anonymous_6)
FN:125,(anonymous_7)
FN:129,(anonymous_8)
FN:156,(anonymous_9)
FN:176,(anonymous_10)
FN:225,(anonymous_11)
FN:267,(anonymous_12)
FN:296,(anonymous_13)
FN:338,(anonymous_14)
FN:359,(anonymous_15)
FN:364,(anonymous_16)
FN:404,(anonymous_17)
FN:442,(anonymous_18)
FN:464,(anonymous_19)
FN:472,(anonymous_20)
FN:484,(anonymous_21)
FN:495,(anonymous_22)
FN:501,(anonymous_23)
FN:512,(anonymous_24)
FN:519,(anonymous_25)
FN:526,(anonymous_26)
FN:537,(anonymous_27)
FN:544,(anonymous_28)
FN:567,(anonymous_29)
FN:579,(anonymous_30)
FN:583,(anonymous_31)
FN:603,(anonymous_32)
FN:617,(anonymous_33)
FN:637,(anonymous_34)
FN:667,(anonymous_35)
FN:701,(anonymous_36)
FN:708,(anonymous_37)
FN:709,(anonymous_38)
FN:722,(anonymous_39)
FN:729,(anonymous_40)
FN:733,(anonymous_41)
FN:763,(anonymous_42)
FN:770,(anonymous_43)
FN:810,(anonymous_44)
FN:837,(anonymous_45)
FN:844,(anonymous_46)
FN:858,(anonymous_47)
FN:872,(anonymous_48)
FNF:45
FNH:39
FNDA:35,(anonymous_4)
FNDA:4,(anonymous_5)
FNDA:1,(anonymous_6)
FNDA:1,(anonymous_7)
FNDA:1,(anonymous_8)
FNDA:0,(anonymous_9)
FNDA:0,(anonymous_10)
FNDA:0,(anonymous_11)
FNDA:4,(anonymous_12)
FNDA:5,(anonymous_13)
FNDA:2,(anonymous_14)
FNDA:1,(anonymous_15)
FNDA:11,(anonymous_16)
FNDA:5,(anonymous_17)
FNDA:3,(anonymous_18)
FNDA:33,(anonymous_19)
FNDA:30,(anonymous_20)
FNDA:16,(anonymous_21)
FNDA:12,(anonymous_22)
FNDA:31,(anonymous_23)
FNDA:5,(anonymous_24)
FNDA:41,(anonymous_25)
FNDA:11,(anonymous_26)
FNDA:5,(anonymous_27)
FNDA:3,(anonymous_28)
FNDA:3,(anonymous_29)
FNDA:3,(anonymous_30)
FNDA:1,(anonymous_31)
FNDA:0,(anonymous_32)
FNDA:0,(anonymous_33)
FNDA:2,(anonymous_34)
FNDA:4,(anonymous_35)
FNDA:3,(anonymous_36)
FNDA:3,(anonymous_37)
FNDA:3,(anonymous_38)
FNDA:2,(anonymous_39)
FNDA:0,(anonymous_40)
FNDA:10,(anonymous_41)
FNDA:12,(anonymous_42)
FNDA:5,(anonymous_43)
FNDA:24,(anonymous_44)
FNDA:10,(anonymous_45)
FNDA:15,(anonymous_46)
FNDA:3,(anonymous_47)
FNDA:8,(anonymous_48)
DA:1,4
DA:8,4
DA:9,4
DA:12,4
DA:13,4
DA:19,4
DA:29,4
DA:33,4
DA:35,4
DA:44,4
DA:98,4
DA:101,35
DA:103,35
DA:110,4
DA:111,3
DA:113,2
DA:114,2
DA:118,2
DA:124,1
DA:125,1
DA:133,1
DA:137,1
DA:138,1
DA:139,1
DA:140,0
DA:144,1
DA:147,1
DA:148,1
DA:149,1
DA:161,0
DA:162,0
DA:163,0
DA:164,0
DA:166,0
DA:167,0
DA:171,0
DA:172,0
DA:175,0
DA:176,0
DA:179,0
DA:180,0
DA:181,0
DA:183,0
DA:184,0
DA:185,0
DA:201,0
DA:202,0
DA:205,0
DA:208,0
DA:209,0
DA:214,0
DA:216,0
DA:217,0
DA:218,0
DA:219,0
DA:223,0
DA:224,0
DA:226,0
DA:230,0
DA:231,0
DA:233,0
DA:245,0
DA:246,0
DA:247,0
DA:260,0
DA:263,0
DA:264,0
DA:271,4
DA:272,3
DA:273,2
DA:275,2
DA:276,2
DA:277,2
DA:278,2
DA:279,1
DA:281,1
DA:292,1
DA:293,1
DA:300,5
DA:305,5
DA:306,4
DA:307,4
DA:308,4
DA:311,4
DA:312,2
DA:313,1
DA:315,1
DA:329,1
DA:330,1
DA:331,1
DA:342,2
DA:346,2
DA:347,1
DA:348,1
DA:351,1
DA:353,1
DA:354,1
DA:355,1
DA:356,1
DA:359,1
DA:369,11
DA:370,11
DA:371,10
DA:373,6
DA:374,6
DA:375,5
DA:376,5
DA:377,5
DA:378,0
DA:380,5
DA:381,5
DA:383,5
DA:384,5
DA:386,5
DA:387,5
DA:400,5
DA:401,5
DA:408,5
DA:409,5
DA:410,5
DA:411,5
DA:412,3
DA:415,3
DA:416,3
DA:417,1
DA:419,2
DA:433,2
DA:434,2
DA:435,2
DA:446,3
DA:450,3
DA:451,2
DA:452,2
DA:455,2
DA:456,2
DA:457,1
DA:459,1
DA:460,1
DA:461,1
DA:465,33
DA:466,33
DA:467,1
DA:469,32
DA:476,30
DA:477,30
DA:478,5
DA:488,16
DA:489,16
DA:490,3
DA:492,13
DA:496,12
DA:497,12
DA:498,12
DA:502,31
DA:507,1
DA:509,30
DA:513,5
DA:514,1
DA:516,4
DA:520,41
DA:521,0
DA:523,41
DA:527,11
DA:532,0
DA:534,11
DA:538,5
DA:539,0
DA:541,5
DA:545,3
DA:546,0
DA:548,3
DA:549,3
DA:550,3
DA:551,0
DA:553,3
DA:554,3
DA:555,3
DA:556,3
DA:560,0
DA:562,3
DA:563,0
DA:571,3
DA:572,3
DA:573,0
DA:578,3
DA:579,3
DA:581,3
DA:583,1
DA:585,1
DA:589,2
DA:590,1
DA:591,0
DA:592,0
DA:596,0
DA:599,0
DA:600,0
DA:602,0
DA:603,0
DA:605,0
DA:606,0
DA:608,0
DA:612,0
DA:618,0
DA:619,0
DA:621,0
DA:625,0
DA:626,0
DA:628,0
DA:629,0
DA:630,0
DA:632,0
DA:633,0
DA:638,2
DA:639,0
DA:641,2
DA:645,2
DA:646,2
DA:647,2
DA:648,2
DA:649,2
DA:668,4
DA:669,0
DA:672,4
DA:673,4
DA:674,4
DA:675,3
DA:677,4
DA:678,1
DA:680,4
DA:681,0
DA:683,4
DA:684,1
DA:686,4
DA:687,0
DA:689,4
DA:690,0
DA:692,4
DA:693,0
DA:694,0
DA:696,0
DA:698,4
DA:702,3
DA:703,1
DA:705,2
DA:706,0
DA:708,3
DA:709,2
DA:710,3
DA:711,3
DA:723,2
DA:724,2
DA:726,0
DA:727,0
DA:729,0
DA:730,0
DA:734,10
DA:735,0
DA:748,10
DA:749,10
DA:750,10
DA:751,9
DA:764,12
DA:765,2
DA:767,10
DA:771,5
DA:772,0
DA:782,5
DA:783,5
DA:784,5
DA:785,2
DA:787,4
DA:788,3
DA:789,0
DA:790,0
DA:791,0
DA:794,3
DA:795,3
DA:796,2
DA:797,2
DA:798,2
DA:801,3
DA:802,0
DA:804,3
DA:805,1
DA:807,3
DA:818,24
DA:819,17
DA:821,7
DA:823,6
DA:826,6
DA:827,2
DA:831,4
DA:832,1
DA:834,3
DA:838,10
DA:839,1
DA:841,9
DA:845,15
DA:846,12
DA:848,3
DA:849,0
DA:851,3
DA:852,3
DA:853,1
DA:855,2
DA:859,3
DA:873,8
LF:307
LH:218
BRDA:139,0,0,0
BRDA:139,0,1,1
BRDA:163,1,0,0
BRDA:163,1,1,0
BRDA:163,2,0,0
BRDA:163,2,1,0
BRDA:166,3,0,0
BRDA:166,3,1,0
BRDA:180,4,0,0
BRDA:180,4,1,0
BRDA:180,5,0,0
BRDA:180,5,1,0
BRDA:186,6,0,0
BRDA:186,6,1,0
BRDA:187,7,0,0
BRDA:187,7,1,0
BRDA:191,8,0,0
BRDA:191,8,1,0
BRDA:195,9,0,0
BRDA:195,9,1,0
BRDA:209,10,0,0
BRDA:209,10,1,0
BRDA:210,11,0,0
BRDA:210,11,1,0
BRDA:210,11,2,0
BRDA:218,12,0,0
BRDA:218,12,1,0
BRDA:218,13,0,0
BRDA:218,13,1,0
BRDA:226,14,0,0
BRDA:226,14,1,0
BRDA:226,14,2,0
BRDA:230,15,0,0
BRDA:230,15,1,0
BRDA:245,16,0,0
BRDA:245,16,1,0
BRDA:246,17,0,0
BRDA:246,17,1,0
BRDA:254,18,0,0
BRDA:254,18,1,0
BRDA:256,19,0,0
BRDA:256,19,1,0
BRDA:257,20,0,0
BRDA:257,20,1,0
BRDA:258,21,0,0
BRDA:258,21,1,0
BRDA:276,22,0,2
BRDA:276,22,1,0
BRDA:278,23,0,1
BRDA:278,23,1,1
BRDA:285,24,0,1
BRDA:285,24,1,1
BRDA:286,25,0,1
BRDA:286,25,1,1
BRDA:312,26,0,1
BRDA:312,26,1,1
BRDA:317,27,0,1
BRDA:317,27,1,0
BRDA:318,28,0,0
BRDA:318,28,1,1
BRDA:319,29,0,0
BRDA:319,29,1,1
BRDA:322,30,0,1
BRDA:322,30,1,0
BRDA:323,31,0,0
BRDA:323,31,1,1
BRDA:324,32,0,0
BRDA:324,32,1,1
BRDA:327,33,0,0
BRDA:327,33,1,1
BRDA:377,34,0,0
BRDA:377,34,1,5
BRDA:381,35,0,5
BRDA:381,35,1,4
BRDA:383,36,0,4
BRDA:383,36,1,1
BRDA:384,37,0,5
BRDA:384,37,1,4
BRDA:386,38,0,4
BRDA:386,38,1,1
BRDA:397,39,0,5
BRDA:397,39,1,5
BRDA:398,40,0,5
BRDA:398,40,1,4
BRDA:416,41,0,1
BRDA:416,41,1,2
BRDA:416,42,0,3
BRDA:416,42,1,2
BRDA:421,43,0,1
BRDA:421,43,1,1
BRDA:422,44,0,0
BRDA:422,44,1,2
BRDA:423,45,0,0
BRDA:423,45,1,2
BRDA:424,46,0,1
BRDA:424,46,1,1
BRDA:425,47,0,1
BRDA:425,47,1,1
BRDA:426,48,0,0
BRDA:426,48,1,2
BRDA:429,49,0,1
BRDA:429,49,1,1
BRDA:456,50,0,1
BRDA:456,50,1,1
BRDA:456,51,0,2
BRDA:456,51,1,1
BRDA:466,52,0,1
BRDA:466,52,1,32
BRDA:477,53,0,5
BRDA:477,53,1,25
BRDA:489,54,0,3
BRDA:489,54,1,13
BRDA:489,55,0,16
BRDA:489,55,1,14
BRDA:502,56,0,1
BRDA:502,56,1,30
BRDA:503,57,0,31
BRDA:503,57,1,31
BRDA:503,57,2,30
BRDA:513,58,0,1
BRDA:513,58,1,4
BRDA:513,59,0,5
BRDA:513,59,1,5
BRDA:520,60,0,0
BRDA:520,60,1,41
BRDA:520,61,0,41
BRDA:520,61,1,41
BRDA:527,62,0,0
BRDA:527,62,1,11
BRDA:528,63,0,11
BRDA:528,63,1,11
BRDA:528,63,2,11
BRDA:538,64,0,0
BRDA:538,64,1,5
BRDA:538,65,0,5
BRDA:538,65,1,5
BRDA:545,66,0,0
BRDA:545,66,1,3
BRDA:545,67,0,3
BRDA:545,67,1,3
BRDA:550,68,0,0
BRDA:550,68,1,3
BRDA:556,69,0,0
BRDA:556,69,1,3
BRDA:557,70,0,3
BRDA:557,70,1,3
BRDA:562,71,0,0
BRDA:562,71,1,3
BRDA:562,72,0,3
BRDA:562,72,1,0
BRDA:572,73,0,0
BRDA:572,73,1,3
BRDA:581,74,0,1
BRDA:581,74,1,2
BRDA:582,75,0,3
BRDA:582,75,1,1
BRDA:590,76,0,1
BRDA:590,76,1,0
BRDA:591,77,0,0
BRDA:591,77,1,0
BRDA:591,78,0,0
BRDA:591,78,1,0
BRDA:599,79,0,0
BRDA:599,79,1,0
BRDA:599,80,0,0
BRDA:599,80,1,0
BRDA:605,81,0,0
BRDA:605,81,1,0
BRDA:605,82,0,0
BRDA:605,82,1,0
BRDA:608,83,0,0
BRDA:608,83,1,0
BRDA:618,84,0,0
BRDA:618,84,1,0
BRDA:618,85,0,0
BRDA:618,85,1,0
BRDA:625,86,0,0
BRDA:625,86,1,0
BRDA:629,87,0,0
BRDA:629,87,1,0
BRDA:629,88,0,0
BRDA:629,88,1,0
BRDA:632,89,0,0
BRDA:632,89,1,0
BRDA:632,90,0,0
BRDA:632,90,1,0
BRDA:638,91,0,0
BRDA:638,91,1,2
BRDA:638,92,0,2
BRDA:638,92,1,2
BRDA:657,93,0,0
BRDA:657,93,1,2
BRDA:661,94,0,0
BRDA:661,94,1,2
BRDA:668,95,0,0
BRDA:668,95,1,4
BRDA:668,96,0,4
BRDA:668,96,1,4
BRDA:668,96,2,4
BRDA:674,97,0,3
BRDA:674,97,1,1
BRDA:677,98,0,1
BRDA:677,98,1,3
BRDA:680,99,0,0
BRDA:680,99,1,4
BRDA:683,100,0,1
BRDA:683,100,1,3
BRDA:686,101,0,0
BRDA:686,101,1,4
BRDA:689,102,0,0
BRDA:689,102,1,4
BRDA:692,103,0,0
BRDA:692,103,1,4
BRDA:693,104,0,0
BRDA:693,104,1,0
BRDA:693,105,0,0
BRDA:693,105,1,0
BRDA:696,106,0,0
BRDA:696,106,1,0
BRDA:702,107,0,1
BRDA:702,107,1,2
BRDA:705,108,0,0
BRDA:705,108,1,2
BRDA:713,109,0,3
BRDA:713,109,1,3
BRDA:714,110,0,3
BRDA:714,110,1,3
BRDA:715,111,0,3
BRDA:715,111,1,0
BRDA:716,112,0,3
BRDA:716,112,1,3
BRDA:717,113,0,3
BRDA:717,113,1,3
BRDA:723,114,0,2
BRDA:723,114,1,0
BRDA:726,115,0,0
BRDA:726,115,1,0
BRDA:734,116,0,0
BRDA:734,116,1,10
BRDA:734,117,0,10
BRDA:734,117,1,10
BRDA:764,118,0,2
BRDA:764,118,1,10
BRDA:771,119,0,0
BRDA:771,119,1,5
BRDA:771,120,0,5
BRDA:771,120,1,5
BRDA:771,120,2,5
BRDA:784,121,0,2
BRDA:784,121,1,3
BRDA:788,122,0,0
BRDA:788,122,1,3
BRDA:789,123,0,0
BRDA:789,123,1,0
BRDA:795,124,0,2
BRDA:795,124,1,1
BRDA:796,125,0,2
BRDA:796,125,1,0
BRDA:801,126,0,0
BRDA:801,126,1,3
BRDA:804,127,0,1
BRDA:804,127,1,2
BRDA:818,128,0,17
BRDA:818,128,1,7
BRDA:818,129,0,24
BRDA:818,129,1,18
BRDA:821,130,0,7
BRDA:821,130,1,1
BRDA:823,131,0,3
BRDA:823,131,1,3
BRDA:823,132,0,6
BRDA:823,132,1,3
BRDA:826,133,0,2
BRDA:826,133,1,4
BRDA:826,134,0,6
BRDA:826,134,1,3
BRDA:831,135,0,1
BRDA:831,135,1,3
BRDA:838,136,0,1
BRDA:838,136,1,9
BRDA:838,137,0,10
BRDA:838,137,1,10
BRDA:838,137,2,9
BRDA:845,138,0,12
BRDA:845,138,1,3
BRDA:845,139,0,15
BRDA:845,139,1,3
BRDA:848,140,0,0
BRDA:848,140,1,3
BRDA:852,141,0,1
BRDA:852,141,1,2
BRDA:855,142,0,2
BRDA:855,142,1,0
BRDA:862,143,0,3
BRDA:862,143,1,3
BRDA:863,144,0,3
BRDA:863,144,1,3
BRF:297
BRH:174
end_of_record
TN:
SF:src\uml\uml.controller.ts
FN:24,(anonymous_4)
FN:33,(anonymous_5)
FN:42,(anonymous_6)
FNF:3
FNH:3
FNDA:7,(anonymous_4)
FNDA:2,(anonymous_5)
FNDA:5,(anonymous_6)
DA:1,1
DA:13,1
DA:15,1
DA:16,1
DA:17,1
DA:18,1
DA:23,1
DA:25,7
DA:26,7
DA:27,7
DA:28,7
DA:33,1
DA:37,2
DA:42,1
DA:48,5
DA:54,1
DA:56,4
DA:60,4
DA:61,1
DA:62,1
DA:66,1
DA:68,3
DA:69,1
DA:70,1
DA:74,1
DA:76,2
DA:77,2
DA:81,2
LF:28
LH:28
BRDA:48,0,0,1
BRDA:48,0,1,4
BRDA:49,1,0,5
BRDA:49,1,1,4
BRDA:49,1,2,3
BRDA:49,1,3,2
BRDA:60,2,0,1
BRDA:60,2,1,3
BRDA:68,3,0,1
BRDA:68,3,1,2
BRDA:34,4,0,0
BRDA:34,4,1,1
BRDA:34,5,0,1
BRDA:34,5,1,0
BRDA:36,6,0,1
BRDA:36,6,1,0
BRDA:36,7,0,1
BRDA:36,7,1,1
BRDA:43,8,0,0
BRDA:43,8,1,1
BRDA:43,9,0,1
BRDA:43,9,1,0
BRDA:47,10,0,1
BRDA:47,10,1,0
BRDA:47,11,0,1
BRDA:47,11,1,1
BRDA:25,12,0,1
BRDA:25,12,1,0
BRDA:25,13,0,1
BRDA:25,13,1,1
BRDA:25,14,0,1
BRDA:25,14,1,0
BRDA:25,15,0,1
BRDA:25,15,1,1
BRDA:26,16,0,1
BRDA:26,16,1,0
BRDA:26,17,0,1
BRDA:26,17,1,1
BRDA:27,18,0,1
BRDA:27,18,1,0
BRDA:27,19,0,1
BRDA:27,19,1,1
BRF:42
BRH:32
end_of_record
TN:
SF:src\uml\uml.gateway.ts
FN:21,(anonymous_4)
FN:35,(anonymous_5)
FN:38,(anonymous_6)
FN:43,(anonymous_7)
FN:56,(anonymous_8)
FN:62,(anonymous_9)
FN:66,(anonymous_10)
FN:73,(anonymous_11)
FN:88,(anonymous_12)
FN:93,(anonymous_13)
FN:111,(anonymous_14)
FN:116,(anonymous_15)
FN:134,(anonymous_16)
FN:139,(anonymous_17)
FN:158,(anonymous_18)
FN:163,(anonymous_19)
FN:181,(anonymous_20)
FN:186,(anonymous_21)
FN:204,(anonymous_22)
FN:209,(anonymous_23)
FN:226,(anonymous_24)
FNF:21
FNH:18
FNDA:6,(anonymous_4)
FNDA:8,(anonymous_5)
FNDA:0,(anonymous_6)
FNDA:0,(anonymous_7)
FNDA:0,(anonymous_8)
FNDA:8,(anonymous_9)
FNDA:1,(anonymous_10)
FNDA:8,(anonymous_11)
FNDA:3,(anonymous_12)
FNDA:2,(anonymous_13)
FNDA:1,(anonymous_14)
FNDA:1,(anonymous_15)
FNDA:1,(anonymous_16)
FNDA:1,(anonymous_17)
FNDA:1,(anonymous_18)
FNDA:1,(anonymous_19)
FNDA:1,(anonymous_20)
FNDA:1,(anonymous_21)
FNDA:1,(anonymous_22)
FNDA:1,(anonymous_23)
FNDA:8,(anonymous_24)
DA:1,2
DA:2,2
DA:9,2
DA:10,2
DA:18,2
DA:19,2
DA:21,6
DA:22,2
DA:31,2
DA:33,2
DA:35,8
DA:38,2
DA:42,0
DA:43,0
DA:44,0
DA:46,0
DA:47,0
DA:49,0
DA:50,0
DA:53,0
DA:57,0
DA:63,8
DA:67,1
DA:68,1
DA:70,0
DA:77,8
DA:78,1
DA:80,7
DA:81,7
DA:83,1
DA:88,2
DA:92,3
DA:93,3
DA:94,2
DA:96,3
DA:97,2
DA:99,1
DA:104,1
DA:107,1
DA:111,2
DA:115,1
DA:116,1
DA:117,1
DA:119,1
DA:120,0
DA:122,1
DA:127,1
DA:130,1
DA:134,2
DA:138,1
DA:139,1
DA:140,1
DA:142,1
DA:143,0
DA:145,1
DA:151,1
DA:154,1
DA:158,2
DA:162,1
DA:163,1
DA:164,1
DA:166,1
DA:167,0
DA:169,1
DA:174,1
DA:177,1
DA:181,2
DA:185,1
DA:186,1
DA:187,1
DA:189,1
DA:190,0
DA:192,1
DA:197,1
DA:200,1
DA:204,2
DA:208,1
DA:209,1
DA:210,1
DA:212,1
DA:213,0
DA:215,1
DA:220,1
DA:223,1
DA:227,8
LF:85
LH:70
BRDA:46,0,0,0
BRDA:46,0,1,0
BRDA:63,1,0,8
BRDA:63,1,1,1
BRDA:67,2,0,1
BRDA:67,2,1,0
BRDA:67,3,0,1
BRDA:67,3,1,1
BRDA:77,4,0,1
BRDA:77,4,1,7
BRDA:96,5,0,2
BRDA:96,5,1,1
BRDA:119,6,0,0
BRDA:119,6,1,1
BRDA:142,7,0,0
BRDA:142,7,1,1
BRDA:166,8,0,0
BRDA:166,8,1,1
BRDA:189,9,0,0
BRDA:189,9,1,1
BRDA:212,10,0,0
BRDA:212,10,1,1
BRDA:228,11,0,8
BRDA:228,11,1,8
BRDA:228,11,2,8
BRDA:230,12,0,8
BRDA:230,12,1,2
BRDA:33,13,0,2
BRDA:33,13,1,0
BRDA:33,14,0,2
BRDA:33,14,1,2
BRDA:39,15,0,2
BRDA:39,15,1,0
BRDA:39,16,0,2
BRDA:39,16,1,2
BRDA:41,17,0,2
BRDA:41,17,1,0
BRDA:41,18,0,2
BRDA:41,18,1,2
BRDA:89,19,0,2
BRDA:89,19,1,0
BRDA:89,20,0,2
BRDA:89,20,1,2
BRDA:91,21,0,2
BRDA:91,21,1,0
BRDA:91,22,0,2
BRDA:91,22,1,2
BRDA:112,23,0,2
BRDA:112,23,1,0
BRDA:112,24,0,2
BRDA:112,24,1,2
BRDA:114,25,0,2
BRDA:114,25,1,0
BRDA:114,26,0,2
BRDA:114,26,1,2
BRDA:135,27,0,2
BRDA:135,27,1,0
BRDA:135,28,0,2
BRDA:135,28,1,2
BRDA:137,29,0,2
BRDA:137,29,1,0
BRDA:137,30,0,2
BRDA:137,30,1,2
BRDA:159,31,0,2
BRDA:159,31,1,0
BRDA:159,32,0,2
BRDA:159,32,1,2
BRDA:161,33,0,2
BRDA:161,33,1,0
BRDA:161,34,0,2
BRDA:161,34,1,2
BRDA:182,35,0,2
BRDA:182,35,1,0
BRDA:182,36,0,2
BRDA:182,36,1,2
BRDA:184,37,0,2
BRDA:184,37,1,0
BRDA:184,38,0,2
BRDA:184,38,1,2
BRDA:205,39,0,2
BRDA:205,39,1,0
BRDA:205,40,0,2
BRDA:205,40,1,2
BRDA:207,41,0,2
BRDA:207,41,1,0
BRDA:207,42,0,2
BRDA:207,42,1,2
BRDA:35,43,0,2
BRDA:35,43,1,0
BRDA:35,44,0,2
BRDA:35,44,1,2
BRF:91
BRH:67
end_of_record
TN:
SF:src\uml\ea-xmi\ea-xmi-export.service.ts
FN:11,(anonymous_1)
FN:13,(anonymous_2)
FN:15,(anonymous_3)
FN:18,(anonymous_4)
FN:21,(anonymous_5)
FN:24,(anonymous_6)
FN:59,(anonymous_7)
FN:65,(anonymous_8)
FN:68,(anonymous_9)
FN:85,(anonymous_10)
FN:115,(anonymous_11)
FN:122,(anonymous_12)
FN:129,(anonymous_13)
FN:133,(anonymous_14)
FNF:14
FNH:13
FNDA:2,(anonymous_1)
FNDA:3,(anonymous_2)
FNDA:3,(anonymous_3)
FNDA:1,(anonymous_4)
FNDA:3,(anonymous_5)
FNDA:1,(anonymous_6)
FNDA:3,(anonymous_7)
FNDA:2,(anonymous_8)
FNDA:0,(anonymous_9)
FNDA:1,(anonymous_10)
FNDA:3,(anonymous_11)
FNDA:1,(anonymous_12)
FNDA:2,(anonymous_13)
FNDA:31,(anonymous_14)
DA:1,2
DA:7,2
DA:10,2
DA:12,2
DA:13,3
DA:15,2
DA:16,3
DA:18,2
DA:19,1
DA:21,2
DA:22,3
DA:24,2
DA:25,1
DA:28,2
DA:63,3
DA:64,3
DA:66,2
DA:68,3
DA:69,0
DA:75,3
DA:89,1
DA:90,1
DA:91,1
DA:92,1
DA:93,0
DA:95,1
DA:96,0
DA:98,1
DA:99,0
DA:102,1
DA:107,1
DA:119,3
DA:126,1
DA:130,2
DA:134,31
LF:35
LH:31
BRDA:89,0,0,1
BRDA:89,0,1,0
BRDA:90,1,0,1
BRDA:90,1,1,0
BRDA:92,2,0,0
BRDA:92,2,1,1
BRDA:95,3,0,0
BRDA:95,3,1,1
BRDA:98,4,0,0
BRDA:98,4,1,1
BRDA:102,5,0,1
BRDA:102,5,1,0
BRDA:104,6,0,0
BRDA:104,6,1,0
BRDA:109,7,0,1
BRDA:109,7,1,1
BRDA:110,8,0,1
BRDA:110,8,1,0
BRDA:119,9,0,3
BRDA:119,9,1,0
BRDA:126,10,0,1
BRDA:126,10,1,0
BRDA:126,11,0,1
BRDA:126,11,1,0
BRDA:130,12,0,1
BRDA:130,12,1,1
BRF:26
BRH:14
end_of_record
TN:
SF:src\uml\interfaces\uml-operation.types.ts
FNF:0
FNH:0
DA:8,4
DA:146,4
LF:2
LH:2
BRF:0
BRH:0
end_of_record
TN:
SF:src\uml\repositories\typeorm-uml-diagram.repository.ts
FN:11,(anonymous_4)
FN:20,(anonymous_5)
FN:31,(anonymous_6)
FN:35,(anonymous_7)
FN:39,(anonymous_8)
FN:43,(anonymous_9)
FN:47,(anonymous_10)
FN:51,(anonymous_11)
FN:55,(anonymous_12)
FN:59,(anonymous_13)
FN:63,(anonymous_14)
FN:76,(anonymous_15)
FN:82,(anonymous_16)
FN:86,(anonymous_17)
FNF:14
FNH:14
FNDA:15,(anonymous_4)
FNDA:2,(anonymous_5)
FNDA:1,(anonymous_6)
FNDA:1,(anonymous_7)
FNDA:1,(anonymous_8)
FNDA:1,(anonymous_9)
FNDA:1,(anonymous_10)
FNDA:1,(anonymous_11)
FNDA:1,(anonymous_12)
FNDA:1,(anonymous_13)
FNDA:2,(anonymous_14)
FNDA:2,(anonymous_15)
FNDA:1,(anonymous_16)
FNDA:2,(anonymous_17)
DA:1,1
DA:2,1
DA:3,1
DA:4,1
DA:5,1
DA:6,1
DA:10,1
DA:13,15
DA:15,15
DA:17,15
DA:21,2
DA:24,2
DA:25,1
DA:27,1
DA:28,1
DA:32,1
DA:36,1
DA:40,1
DA:44,1
DA:48,1
DA:52,1
DA:56,1
DA:60,1
DA:67,2
DA:73,2
DA:74,1
DA:76,2
DA:79,2
DA:83,1
DA:87,2
DA:90,2
DA:91,1
DA:93,1
DA:94,1
DA:95,1
LF:35
LH:35
BRDA:24,0,0,1
BRDA:24,0,1,1
BRDA:73,1,0,1
BRDA:73,1,1,1
BRDA:90,2,0,1
BRDA:90,2,1,1
BRDA:13,3,0,1
BRDA:13,3,1,0
BRDA:13,4,0,1
BRDA:13,4,1,1
BRDA:13,5,0,1
BRDA:13,5,1,0
BRDA:13,6,0,1
BRDA:13,6,1,1
BRDA:15,7,0,1
BRDA:15,7,1,0
BRDA:15,8,0,1
BRDA:15,8,1,1
BRF:18
BRH:15
end_of_record
TN:
SF:src\uml\xmi\uml-xmi-export.service.ts
FN:32,xmiNameFor
FN:39,(anonymous_2)
FN:65,(anonymous_3)
FN:69,(anonymous_4)
FN:70,(anonymous_5)
FN:83,(anonymous_6)
FN:90,(anonymous_7)
FN:98,(anonymous_8)
FN:101,(anonymous_9)
FN:103,(anonymous_10)
FN:104,(anonymous_11)
FN:117,(anonymous_12)
FN:129,(anonymous_13)
FN:158,(anonymous_14)
FN:164,(anonymous_15)
FN:168,(anonymous_16)
FNF:16
FNH:15
FNDA:5,xmiNameFor
FNDA:3,(anonymous_2)
FNDA:5,(anonymous_3)
FNDA:2,(anonymous_4)
FNDA:2,(anonymous_5)
FNDA:5,(anonymous_6)
FNDA:1,(anonymous_7)
FNDA:1,(anonymous_8)
FNDA:1,(anonymous_9)
FNDA:1,(anonymous_10)
FNDA:2,(anonymous_11)
FNDA:0,(anonymous_12)
FNDA:2,(anonymous_13)
FNDA:3,(anonymous_14)
FNDA:2,(anonymous_15)
FNDA:23,(anonymous_16)
DA:1,2
DA:7,2
DA:9,2
DA:25,2
DA:32,2
DA:33,5
DA:34,5
DA:38,2
DA:40,3
DA:41,3
DA:42,3
DA:44,3
DA:45,5
DA:46,5
DA:47,5
DA:48,0
DA:49,0
DA:51,5
DA:52,5
DA:53,5
DA:56,3
DA:57,3
DA:58,2
DA:59,0
DA:60,0
DA:61,0
DA:65,3
DA:66,5
DA:68,3
DA:69,2
DA:70,2
DA:72,3
DA:89,5
DA:90,5
DA:91,1
DA:92,1
DA:98,5
DA:99,1
DA:101,1
DA:104,2
DA:105,1
DA:106,1
DA:108,1
DA:109,1
DA:116,5
DA:118,0
DA:120,5
DA:134,2
DA:135,2
DA:136,2
DA:137,2
DA:138,1
DA:140,1
DA:141,0
DA:144,1
DA:149,1
DA:150,1
DA:159,3
DA:165,2
DA:169,23
LF:60
LH:53
BRDA:32,0,0,0
BRDA:34,1,0,5
BRDA:34,1,1,0
BRDA:58,2,0,0
BRDA:58,2,1,2
BRDA:59,3,0,0
BRDA:59,3,1,0
BRDA:105,4,0,1
BRDA:105,4,1,0
BRDA:116,5,0,5
BRDA:116,5,1,5
BRDA:118,6,0,0
BRDA:118,6,1,0
BRDA:121,7,0,5
BRDA:121,7,1,0
BRDA:134,8,0,2
BRDA:134,8,1,0
BRDA:135,9,0,2
BRDA:135,9,1,0
BRDA:137,10,0,1
BRDA:137,10,1,1
BRDA:140,11,0,0
BRDA:140,11,1,1
BRDA:144,12,0,1
BRDA:144,12,1,0
BRDA:146,13,0,0
BRDA:146,13,1,0
BRDA:149,14,0,1
BRDA:149,14,1,0
BRDA:149,15,0,1
BRDA:149,15,1,0
BRDA:152,16,0,1
BRDA:152,16,1,1
BRDA:153,17,0,1
BRDA:153,17,1,0
BRDA:160,18,0,3
BRDA:160,18,1,1
BRDA:165,19,0,1
BRDA:165,19,1,1
BRF:39
BRH:21
end_of_record
TN:
SF:src\uml\xsd\uml-xsd-export.service.ts
FN:49,xsdTypeFor
FN:54,ncNameFor
FN:67,(anonymous_3)
FN:71,(anonymous_4)
FN:101,(anonymous_5)
FN:109,(anonymous_6)
FN:123,(anonymous_7)
FN:139,(anonymous_8)
FN:145,(anonymous_9)
FN:151,(anonymous_10)
FN:160,(anonymous_11)
FN:166,(anonymous_12)
FN:200,(anonymous_13)
FNF:13
FNH:12
FNDA:13,xsdTypeFor
FNDA:19,ncNameFor
FNDA:7,(anonymous_3)
FNDA:12,(anonymous_4)
FNDA:12,(anonymous_5)
FNDA:3,(anonymous_6)
FNDA:0,(anonymous_7)
FNDA:5,(anonymous_8)
FNDA:12,(anonymous_9)
FNDA:8,(anonymous_10)
FNDA:12,(anonymous_11)
FNDA:8,(anonymous_12)
FNDA:2,(anonymous_13)
DA:1,2
DA:7,2
DA:9,2
DA:15,2
DA:49,2
DA:50,13
DA:51,13
DA:54,2
DA:55,19
DA:56,19
DA:57,1
DA:59,19
DA:60,1
DA:62,19
DA:66,2
DA:68,7
DA:69,7
DA:71,7
DA:72,12
DA:73,12
DA:74,1
DA:75,1
DA:76,1
DA:78,12
DA:79,12
DA:82,7
DA:83,7
DA:84,12
DA:87,7
DA:88,7
DA:89,7
DA:90,7
DA:91,12
DA:92,12
DA:93,12
DA:97,7
DA:98,7
DA:107,12
DA:108,12
DA:109,12
DA:110,3
DA:111,3
DA:113,12
DA:115,12
DA:116,1
DA:123,0
DA:133,11
DA:134,7
DA:136,4
DA:139,5
DA:150,12
DA:152,8
DA:154,12
DA:155,11
DA:157,1
DA:165,12
DA:167,8
DA:169,12
DA:170,12
DA:171,12
DA:172,2
DA:173,2
DA:174,0
DA:176,2
DA:179,2
DA:180,2
DA:181,2
DA:182,0
DA:183,0
DA:185,2
DA:186,2
DA:188,2
DA:193,2
DA:197,12
DA:201,2
LF:75
LH:71
BRDA:51,0,0,13
BRDA:51,0,1,1
BRDA:54,1,0,15
BRDA:56,2,0,1
BRDA:56,2,1,18
BRDA:59,3,0,1
BRDA:59,3,1,18
BRDA:73,4,0,1
BRDA:73,4,1,11
BRDA:74,5,0,1
BRDA:74,5,1,1
BRDA:115,6,0,1
BRDA:115,6,1,11
BRDA:120,7,0,0
BRDA:120,7,1,1
BRDA:133,8,0,7
BRDA:133,8,1,4
BRDA:152,9,0,8
BRDA:152,9,1,4
BRDA:154,10,0,11
BRDA:154,10,1,1
BRDA:157,11,0,1
BRDA:157,11,1,0
BRDA:167,12,0,8
BRDA:167,12,1,4
BRDA:173,13,0,0
BRDA:173,13,1,2
BRDA:176,14,0,1
BRDA:176,14,1,1
BRDA:186,15,0,2
BRDA:186,15,1,0
BRDA:188,16,0,1
BRDA:188,16,1,1
BRDA:190,17,0,1
BRDA:190,17,1,0
BRF:35
BRH:30
end_of_record
TN:
SF:src\users\users.controller.ts
FN:22,(anonymous_4)
FN:26,(anonymous_5)
FN:32,(anonymous_6)
FN:42,(anonymous_7)
FNF:4
FNH:4
FNDA:3,(anonymous_4)
FNDA:1,(anonymous_5)
FNDA:1,(anonymous_6)
FNDA:1,(anonymous_7)
DA:1,1
DA:13,1
DA:15,1
DA:16,1
DA:21,1
DA:22,3
DA:26,1
DA:27,1
DA:32,1
DA:36,1
DA:42,1
DA:43,1
LF:12
LH:12
BRDA:26,0,0,0
BRDA:26,0,1,1
BRDA:26,1,0,1
BRDA:26,1,1,0
BRDA:26,2,0,1
BRDA:26,2,1,0
BRDA:26,3,0,1
BRDA:26,3,1,1
BRDA:33,4,0,0
BRDA:33,4,1,1
BRDA:33,5,0,1
BRDA:33,5,1,0
BRDA:33,6,0,1
BRDA:33,6,1,0
BRDA:33,7,0,1
BRDA:33,7,1,1
BRDA:35,8,0,1
BRDA:35,8,1,0
BRDA:35,9,0,1
BRDA:35,9,1,1
BRDA:42,10,0,0
BRDA:42,10,1,1
BRDA:42,11,0,1
BRDA:42,11,1,0
BRDA:42,12,0,1
BRDA:42,12,1,0
BRDA:42,13,0,1
BRDA:42,13,1,1
BRDA:22,14,0,1
BRDA:22,14,1,0
BRDA:22,15,0,1
BRDA:22,15,1,1
BRF:32
BRH:21
end_of_record
TN:
SF:src\users\users.service.ts
FN:19,(anonymous_13)
FN:24,(anonymous_14)
FN:32,(anonymous_15)
FN:63,(anonymous_16)
FN:67,(anonymous_17)
FNF:5
FNH:5
FNDA:8,(anonymous_13)
FNDA:2,(anonymous_14)
FNDA:5,(anonymous_15)
FNDA:1,(anonymous_16)
FNDA:4,(anonymous_17)
DA:1,2
DA:7,2
DA:11,2
DA:18,2
DA:21,8
DA:25,2
DA:26,2
DA:27,1
DA:29,1
DA:36,5
DA:37,2
DA:38,2
DA:39,1
DA:45,4
DA:46,4
DA:47,2
DA:49,4
DA:50,1
DA:52,4
DA:53,1
DA:56,4
DA:57,4
DA:58,1
DA:60,3
DA:64,1
DA:68,4
LF:26
LH:26
BRDA:26,0,0,1
BRDA:26,0,1,1
BRDA:36,1,0,2
BRDA:36,1,1,3
BRDA:38,2,0,1
BRDA:38,2,1,1
BRDA:38,3,0,2
BRDA:38,3,1,2
BRDA:46,4,0,2
BRDA:46,4,1,2
BRDA:49,5,0,1
BRDA:49,5,1,3
BRDA:52,6,0,1
BRDA:52,6,1,3
BRDA:57,7,0,1
BRDA:57,7,1,3
BRF:16
BRH:16
end_of_record
TN:
SF:src\users\repositories\typeorm-users.repository.ts
FN:13,(anonymous_4)
FN:18,(anonymous_5)
FN:22,(anonymous_6)
FN:26,(anonymous_7)
FN:30,(anonymous_8)
FN:33,(anonymous_9)
FN:38,(anonymous_10)
FN:47,(anonymous_11)
FNF:8
FNH:8
FNDA:10,(anonymous_4)
FNDA:2,(anonymous_5)
FNDA:4,(anonymous_6)
FNDA:2,(anonymous_7)
FNDA:2,(anonymous_8)
FNDA:1,(anonymous_9)
FNDA:2,(anonymous_10)
FNDA:1,(anonymous_11)
DA:1,1
DA:2,1
DA:3,1
DA:4,1
DA:12,1
DA:15,10
DA:19,2
DA:23,4
DA:27,2
DA:28,1
DA:30,2
DA:34,1
DA:35,1
DA:39,2
DA:40,2
DA:41,1
DA:43,1
DA:44,1
DA:48,1
LF:19
LH:19
BRDA:27,0,0,1
BRDA:27,0,1,1
BRDA:40,1,0,1
BRDA:40,1,1,1
BRDA:15,2,0,1
BRDA:15,2,1,0
BRDA:15,3,0,1
BRDA:15,3,1,1
BRF:8
BRH:7
end_of_record
